:104000005542200135D0085A8245B4133140003959
:104010003F4030000F9308249242B41320012F83B5
:104020009F4F5E880011F8233F4084020F930724BE
:104030009242B41320011F83CF433011F92321830F
:10404000B012EC49474F3D4018003E40FF003F4052
:104050009E11B0127C7DF2436113F243AF13B24064
:10406000805A2001A242600182432E01A2428001B7
:1040700082431E01B24020026001B2402001800153
:10408000F24084FF5700C2435800B2400040820112
:104090003B400C003D4000080E430C4D0CDE5942E5
:1040A00057000A4C8A107AF0070079F0F8FF4AD9D5
:1040B000C24A5700C24C5600794003000A430843E5
:1040C0000F3C18429001385282489201B2F0FEFF34
:1040D000820192B38201FD271F427001084A0A4FF4
:1040E0007953EF230A883A900104012C0E4C0D11EC
:1040F0003B53D3230F4E3FF0E0003F90E0000220FF
:104100003EF0E0FF5C4257000D4E8D107DF0070041
:104110007CF0F8FF4DDCC24D5700C24E56005E42A7
:1041200057007EF007007ED080FFC24E5700E2426B
:104130005800F2F0FDFF000082437001B24002021D
:10414000600182439001B240020180011E42600181
:104150003EF0CFFF3ED02000824E60011E42800123
:104160003EF0CFFF3ED02000824E8001C2432600A9
:10417000C2432E00C2431B00C2431F00C243330090
:10418000C2433700C2432100F240E0FF2200F24068
:1041900030002900F2407B002A00C2431900F2409F
:1041A000F1FF1A00F240DDFF1D00F240FDFF1E008E
:1041B000F2433100F2433200C2433500F24336008D
:1041C000C2432500C2432D001F4270011E427001F0
:1041D0000E8F3E900128FA2BE2D31A00F2D21A0079
:1041E000F2D080FF1E00F2D010001E00F2D080FF3F
:1041F0001D00F2D010001D0003430343F2F0EFFF57
:104200001D00F2F0F7FF19005F43B012C2464F43A2
:10421000B012C2465F43B012C2465F43B012C246FC
:104220005F43B012C2464F43B012C2464F43B01272
:10423000C2465F43B012C246F2D010001D00F2D257
:104240001900E2D31900F2D010003200F2D02000A1
:104250003200F2D040003200F2D010003100B01233
:104260009057F2D040003100B01218784F93FC23E1
:10427000F2436B13C243F611C243F811F2400A0035
:104280009A12C243E311C243E911C243621382434B
:10429000B213C243AA13C2430C12B0122246C24345
:1042A000FF11C243FE11C2433011F243C211B243A7
:1042B0008811C2438A11B2438C11C2438E11B2439A
:1042C0009011C2439211B2439411C2439611B0129D
:1042D000B045C24FF1121F422E111F53824FD6110B
:1042E0008243D811B2F0EFFF8601B2400040860150
:1042F000B2402C137E11F2F0EFFF2200E2D21E003A
:10430000F2F0FDFF1E00B2F0EFFF8201B24000406C
:104310008201F243E811C243D612C243D712C2430C
:10432000D812C243D912E2D21E00F2D040001E00C1
:10433000F2D020001E00B012EC491B421A11B0123C
:10434000FE49824BEE11B012BE47824CE612824DFE
:10435000E812824EEA12824FEC12D2421811CE11AC
:10436000C243CF11E243D412F2401A00EF12B0124E
:10437000BE47824CE612824DE812824EEA12824F0C
:10438000EC123E40E6120D4E3D5007000C436F4EBE
:10439000EE4D0000CD4F00001C531E533D532C9298
:1043A000F623D243BC11C2437413D243D111C2438A
:1043B000E412B01218784F93FC234F47B012FE4915
:1043C00032D2B012EC494E4FF2900A009A120624F3
:1043D000E292CB110324B012FE49073C4F4EB012BB
:1043E000FE497F401100B012064A1F422E114E4F67
:1043F000C24FA812C243A912C243AA12C243AB12AF
:10440000C243AC12C243AD12C243AE12C243AF129A
:10441000C243B012C243B112C243B212C243B3127A
:10442000D243B4121F930420D2427211B512033C3E
:10443000D2427011B51292436E110D4F3D50F3FFF1
:104440003D900300062C5E53C24E7811C243761194
:104450000F3C2F9205243F9203243F900C0006202E
:104460006E52C24E7811C2437611023CD24376118D
:10447000B012FA5AB012EC494A4F863CC29320114E
:104480007724B2B0100062010820B2B010006401BD
:104490000420B2B01000660107241E4260013EF005
:1044A00000033E9000022E245F4204003FB0C00093
:1044B00005245F4271003FF0200026205F42050086
:1044C0003FB0300005245F4279003FF020001E20FD
:1044D0005F4270001FF31C245F4271003FF0200018
:1044E0001A245F4272003FF0200018245F427000DF
:1044F0002FF217245F4270003FF0200015207E400D
:104500000500133C6E43113C6E430F3C6E430D3C63
:104510007E4005000A3C7E400500073C7E400500C9
:10452000043C7E400500013C6E43B2B01000A00187
:104530001924B2B01000A2010524B2B2A2010F24C6
:104540006E43103C1F42A2013FB000040B241D42E9
:1045500060013DF000033D9000020420023C4E4308
:10456000013C6E437E90050001286E42C24E7C11D4
:104570005E427C110E5E1E4E46883ED2814E000089
:1045800022D132C203430343F29361137727B0125F
:1045900068494B4F7F9372274F4AB012FE494F4BE9
:1045A000B0126C6A673F32D0F000FD3F30406A873E
:1045B0000B120A1209120812071206123C404E830F
:1045C0000D431E42D6111F42D811B012947B074DE5
:1045D000084E094F0E4C0F4712C30F100E10085E05
:1045E000096F0993053438F339F0FF7F18530963D5
:1045F0008248D6118249D8110F4836413741384197
:1046000039413A413B413041C24F77005F4202009D
:104610003FF04000FB27F2F0BFFF02005F42760050
:104620003041C243FF12C243FE12E242CB11C243E9
:10463000D112C2430413C243CC1182430A12304147
:104640001E4270013F9001800A283F5000801D42A9
:1046500070010D8E0F9DFB2F0E5F3F4000801D42AD
:1046600070010D8E0F9DFB2F3041F2F0EFFF2A00FD
:104670003041F2D010002A0030411F429001013C2D
:104680000F4E1E4290010F9EFB233041B2F0EFFF10
:104690008401E2D31F00B2F0FEFF8401B2F0FDFFFF
:1046A00084014F4F8F107E4006000F5F7E53FD2325
:1046B0003FD00001824F8401B2D0100084014F43EB
:1046C00030414F9304245F4219006FD3043C5F4292
:1046D00019007FF0FDFFC24F1900F2D21900F2F06D
:1046E000F7FF19003041F2F0EFFF05003F403300C3
:1046F000FFF0FDFF0000FFF0FBFF0000FFF0F7FF01
:1047000000003041F2F0CFFF05003F401B00FFF0FA
:10471000BFFF0000FFF07F00000030415C4F02004F
:104720008C105E4F01000CDE0E4C8E104E4E12C3EC
:104730000E1012C30E103EF003005D4E52888D1114
:104740000E4C8E104E4E7C40060012C30E107C5351
:10475000FC235E4E52888E110E5D3E5006000F5EA9
:104760003041F24080FF9A11C243CA11C24366131E
:10477000C2436013C243BD1130410D4F8D104D4DEA
:104780004F4F8F100DDF4E4E0DEE4F4D12C34F1099
:1047900012C34F1012C34F1012C34F104E4F0EEDE5
:1047A0004F4E8F100F5F0F5F0F5F0F5F0FEE4E4F7B
:1047B0000E5E0E5E0E5E0E5E0E5E0FEE30410B1252
:1047C0000A12091208123150F2FFC29360118120BF
:1047D000B0126A46F2F0EFFF2900B01272463F4075
:1047E0003002B0124046B0126A463F403C00B01260
:1047F00040460B43F2B01000280009243B5005004E
:104800003F400500B01240463B90F000F3233F408C
:10481000A401B01240463B90F0005D2C7A427B40F0
:1048200033001BB30B24B01272463F400500B01298
:104830004046B0126A463F4041000A3CB012724600
:104840003F403C00B0124046B0126A463F4005006F
:10485000B012404612C34B107A53E3233A40DC12A5
:1048600079424B4312C34B10B01272463F400500D1
:10487000B0124046B0126A463F400500B0124046B2
:10488000584228003F404100B012404678B0100026
:1048900002247BD080FF7953E523CA4B00001A53D2
:1048A0003A90E412DD230E434F435FEEDC127D426B
:1048B0000C4F1CF312C34F100C9302247FE08CFFAB
:1048C0007D53F6231E533E92F0234F930620D2438E
:1048D00060114E43043C6E42023C7E400600C2938F
:1048E00060110A240F430D410D5FDD4FDD12000002
:1048F0001F533F900600F7234E9308243D420E437A
:104900000F413F500600B0127C7D163CC1430600AB
:10491000F14012000700F1406D000800F140450031
:104920000900F14050000A00D14102000B00D141C2
:1049300001000C00E1410D001C4106001D41080072
:104940001E410A001F410C0031500E003841394110
:104950003A413B4130414F930324D24370003041F0
:10496000F2F0FEFF700030415F4261134E4F3E5047
:104970009E116D4EC24D61137D930220F243AF1321
:10498000FE43000030415F930C2403286F931820EE
:10499000103C1F4262018F105FF312241F4272010C
:1049A00030411F4264018F105FF30A241F427401DB
:1049B00030411F4266018F105FF302241F427601CF
:1049C00030415F43B0125649F2F0BFFF04003F4050
:1049D0001B00FFF0FDFF0000FFF0FBFF0000FFF0F9
:1049E000F7FF00004F43B012564930410E4232C229
:1049F000034303433EF25F4301204F4330414F9353
:104A0000012432D230410B124B4FB012EC494E4BC5
:104A1000FE939E1106201E43C29BAF1303240E4338
:104A2000013C1E430E930E20F29361130320C24BF0
:104A30006113043C5E42AF13CE4B9E11C24BAF13C9
:104A40004B43023C7B400500B012FE494F4B3B41BB
:104A50003041C29342112C204F932A20D24342115D
:104A6000D24212114011D2B354110F430F6FC24FF3
:104A70009B1192420C113E11D24252113C115E42E6
:104A800054115EF35F4301244F435E4254117EF0A4
:104A9000FEFF4EDF1FF30F5F924F0E110C117EF0E1
:104AA000E7FFC24E54117F401500B012064A304154
:104AB000D2B354110F430F6F5E4254114F9303242E
:104AC0007EF0FBFF023C7EF0FDFFC24E54113041F0
:104AD000F2900A009A120320E292CB110324D243EF
:104AE000561130417F401200B012064AC24356119F
:104AF0003041D2931C1113205F4262115F93052055
:104B00007F400700B012064A083C6F930A20D24249
:104B1000EE121C11F240030062114F4330415F431B
:104B200030415F4330410B12B012EC494B4FC293FE
:104B3000AA1308207F401000B012064A4F930220AB
:104B4000D243AA134F4BB012FE493B4130410B12E6
:104B50000A124B4F4A4E5F42CB115F930E24062838
:104B60006F933C247F900300E720463C4B93022048
:104B70003040604DB0122246F13C4B93F1201F4271
:104B80000A12B0127A47824F0A12E243CB11C24A8C
:104B900004137A904400D0205D4254115DF3032445
:104BA000E2B25411023CE2B354110E430E6E4E9326
:104BB000C3205F4254114D9302246FD2013C6FD346
:104BC000C24F54115F4254117FF0E7FF7FD2C24FB2
:104BD0005411C2435211F2431211C23C4B93AC2008
:104BE000C24ECC111F420A12B0127A47824F0A12EB
:104BF000F2400300CB11B43C5F42D1127F939C245E
:104C00004B9341246F9398285F42FE124F930224E6
:104C10007F53013C6F434E4F5E4E00138E104F93F7
:104C200002247F53013C6F434F4F5F4F00130FDE51
:104C30001F920A1281204F43B012524A5C42CC119B
:104C40005E42FE115B42FF114F4E5F537F900600A4
:104C5000022C4D4F013C4D434D9B0C244E4ECE4CEF
:104C60000012C24FFE117F9006000228C243FE11BF
:104C7000B012264BB0122246F2F0FDFF3A11C29359
:104C800056116E24643C6F9346285F42FF125E4FBC
:104C900000135F42541112C34F1012C34F1012C3BE
:104CA0004F103FF003001F9303242F932020133C49
:104CB0005F4254117FF0E7FF7FD01000C24F5411C4
:104CC0004E9302244F43023C7F400500C24F5211D5
:104CD000C24E12110C3C5F4252117F903400072CDF
:104CE0004F4F1F520C11CF4E0000D25352115D4254
:104CF000FF124F4D5E4F00134F4D5F53C24FFF12D7
:104D00007F9003000228C243FF121F420A12B01212
:104D10007A47824F0A125E42FE124F4ECF4A00136C
:104D20004F4E5F53C24FFE127F9003000228C243D2
:104D3000FE12D253D112143CB0122246F2F0FDFF03
:104D40003A115F43B012524AC29356110524E2420F
:104D5000CB11B012D04A043C4B930224D243CB1166
:104D60003A413B4130410B120A120B4D4A4C7C90A8
:104D70001D00442CCD4E06008E10CD4E0500CD4FAB
:104D80000B00CB4C090082934E113A20B012EC4933
:104D9000F24005004A11C2434811824B5011A24310
:104DA0004E11C2434411C24346117A500C00C24A0C
:104DB0004C11B012FE49B012EC49F2900A009A125E
:104DC0000320B012FE49163CB012FE49B012EC4965
:104DD000C293F8110620D243F811C243F9115B4384
:104DE000013C4B43B012FE494B930424B012264BB6
:104DF0004F43083C82434E115F43043C6F43023CE7
:104E00007F4005003A413B413041C24313111D42EE
:104E10002A130D9304245F42E2111FF30224D243AC
:104E20001311C293131112205F4D05008F105E4DB8
:104E300006005C4D09000EDF5F4D0B00B012664DA1
:104E40004F9304247F400F00B012064A30415F4266
:104E50007B138F105E427C13C24313117C401C00F5
:104E60003D4076130EDF5F428113B012664D4F93C3
:104E70000424D243131182432A1330410B125B42A4
:104E800032117B901C00022C4B4B023C3B401C001F
:104E90003D401C000E433F408213B0127C7D5F42B8
:104EA00036115D4232110E430E3C4C4F5C4CF212F7
:104EB0004D9306245F537F900C0001204F437D5398
:104EC000CE4C82131E530E9BF023C24F3611C24D9F
:104ED0003211F2437C13F2437B13F24064008113DE
:104EE00082932A130D20B24076132A13F2401C003D
:104EF0007F13C29313110824B0124E4E4F93042413
:104F00007F401700B012064A3B4130414F930F20BB
:104F10004E930920C29332110324B0127C4E3041CB
:104F2000C243301130417F401700B012064A304171
:104F3000B012EC494E4FC29308110820F2900300C2
:104F400038110420B012FE495F4330414F4EB01279
:104F5000FE494F433041B012304F4F93112482939A
:104F600072131020B240B91172139243D212C2438D
:104F700080119243D211D242B9117F004F43304188
:104F80005F4330417F40050030414E4F7E5083FFEC
:104F90006E930A2CD2D33A117FE02000C24FD01278
:104FA000F2407D00B911023CC24FB911B012564F08
:104FB0003041B012EC49F2F0FEFF3A11F2407E00AF
:104FC000B911B012FE49B012564F30410B120A12FD
:104FD0000912D2B33A110924F2F0FEFF3A11D2427B
:104FE000D012B911B012564F873C5F429A127F53CC
:104FF0007F927D2C4F4F0F5F104F6C875F42E911FE
:10500000B0128A4F4B4FF24003009A125E42E911F0
:105010000A3C5F426213B0128A4F4B4FF2400300CA
:105020009A125E4262131F42B213B0127A47824F45
:10503000B2135B3C5F420C120F5F3F50F6115F4FA3
:105040000100B0128A4F4B4F59420C124A490D4A87
:105050000D5D3D50F6115E4D01001F42B213B012BE
:105060007A47824FB2135D42E3115D53C24DE311A3
:1050700059931B205E424A114F4E1F5250116F4FE1
:105080005E53C24E4A11C29E4C11032CE243F811EA
:105090004F430E4A0E5E3E50F611EE93000005247B
:1050A0007D930324CE4F0100203CE2429A121D3C26
:1050B0005F42B213B0128A4F4B4FF24005009A1272
:1050C000143C1F42B2138F10B0128A4F4B4FF24064
:1050D00006009A120A3CB012B24F4B4FF240070042
:1050E0009A12033CF2429A12053C4B930524F2407B
:1050F00009009A12B012264B39413A413B413041E6
:105100000B12B012EC491D42E0111E4264130D93C4
:1051100003240D5E6D4D013C4D43C24D77006E532F
:105120001D4268134C4E0D9C1C2C4E4D1A3C5D428A
:1051300002003DF04000FB275B4276001D429812C2
:105140000D9303240C5DCC4B00001D42E0110D9328
:1051500004241D5264136D4D013C4D43C24D770034
:10516000013C4E4E1C4264130D4C1D53824D641382
:105170000D9EDD2BB012FE493B4130410B12B012A7
:10518000EC495B43C293D61201244B43B012FE4953
:105190004F4B3B413041C29364113920F2931F11B0
:1051A0003620B0127C514F933224D243F012C29376
:1051B0009C110224C243F012C293F0122A24F290EE
:1051C000030062112920C2931C1128205E421E1187
:1051D0007E9316244F4E5D4FE811C24D1E117D93F4
:1051E0000220F2431D11FF43E811C24EEE12F243BA
:1051F0001C11D24362117F400700B012064A043CE2
:10520000D2431C11C2436211B012C249053C5F4334
:1052100030417F40050030414F4330414F433041E2
:105220000B120A124A4FB012EC494B4FB0127C518C
:105230004F9305244F4BB012FE494F43063C4F4B52
:10524000B012FE494F4AB01208463A413B41304144
:105250000B120A124A4FB012EC495B435A92D71212
:1052600001244B43B012FE494F4B3A413B41304180
:10527000B012EC49F2F0FBFF1D00B012FE493041C4
:10528000B012EC49F2F0BFFF0200F2D04000000083
:10529000B012FE49B012005130414E4EC243F011DF
:1052A0008243E011824F9812824E68138243641346
:1052B0000E930324B0128052043C7F400600B012CB
:1052C000064A4F4330410B120A1209120A4F494E47
:1052D000B012EC494B4FB0127C514F9305244F4B09
:1052E000B012FE494B431F3C4F4BB012FE49B24037
:1052F0007F00F2117F407F00B01208464B4F4E49AD
:10530000C243F0118243E011824A9812824E681320
:10531000824364130E930324B0128052043C7F40F6
:105320000600B012064A4F4B39413A413B413041E9
:10533000B01270525E431F427E11B012C65230410D
:105340000B124B4FB012EC49C24B6811B012FE4920
:105350006F43B012064A3B4130410B124B4F924310
:105360005E11C2439C11B01296514F4BB012405384
:105370003B413041B012EC49E2D21D00B012FE496F
:1053800030410B120A1209124B4FB012EC494A4F2E
:10539000C29B1F110424B012FE495F434C3CF243F0
:1053A0001F115B4264114B930920B012EC49C243B8
:1053B000D612B012FE49B0129651353C4C43494BBF
:1053C000021232C20343C24C3001F240CDFF380119
:1053D0001E423A0132418E1012C34E1012C34E10BB
:1053E0004D4E4D5D4D5D4E5D4C8E4E4C4F4C0D49BE
:1053F0007CF00F004C9303240D117C53FB3F1DF3F5
:105400001724C24E1F111E434D4F7DF00F004D93C8
:1054100003240E5E7D53FB3F4BCEC24B64117F4095
:105420000500B012064A4F4AB012FE494F43033CF2
:105430004C4E5C53C53F39413A413B4130417F407E
:105440000300B01282534F4330410B120A1209126B
:10545000B012EC49494F1B420812B0127A460A4F6B
:105460001F4280015FF304241B53B0127A460A4F97
:105470000C430D430D4B0E4A0F430A4C0B4D0ADEF5
:105480000BDF4F49B012FE490E4A0F4B39413A41EA
:105490003B4130410B120A1209120812B0124A5451
:1054A000084E094F1E42EA111F42EC110A4E0B4FE3
:1054B0001A52E4111B62E611099F09280220089E76
:1054C00006280B9F102809200A9E0D28063C0B9FDA
:1054D00004280F9B27280A9E252C099B04280B993A
:1054E0002128089A1F2C0C4A0D4B0C880D790D931E
:1054F00003203C90018018280E480F493E50008040
:105500000F63824EEA11824FEC110E4C0F4D3E504C
:1055100000803F63824EE411824FE6113C400080E0
:105520000D430A3C0C430D43824AEA11824BEC11B5
:105530008243E4118243E6110A4CB0127A460E4FC0
:105540000E880E9A052C0C4A0C8E3C900300062CFB
:10555000B0127A462F53824F9201033C0C5F824C6B
:105560009201B2F0FEFF8201B2D0100082013841F8
:1055700039413A413B4130410B120A1209120812DB
:1055800021830A4E0B4FB0124A54084E094FB012F5
:10559000EC498248EA118249EC11824AE411824BBB
:1055A000E611814F0000B01294542F41B012FE4911
:1055B0002153384139413A413B4130410B12B0123D
:1055C000EC494B4FB012B0453E404600B0125A7CF9
:1055D0000E4F3E500B00824EAC130F43B012785565
:1055E0004F4BB012FE493B4130410B120A12B01230
:1055F000EC494A4FB2925E1112207F400900B0126E
:105600002052B0123E54B012745392435E117F4048
:105610000300B01240534F4AB012FE492F3CB01263
:105620007052C293B01303247F400500013C6F42C7
:10563000B01220524E4F3EF205204F43B01220527E
:105640003FF204205B433F400300033C4B433F4099
:105650000500824F5E11B01274534F4AB012FE49DA
:105660004B930724C2438611B0123E54B012BC556E
:10567000053C3E4040010F43B01278553A413B4152
:1056800030410B120A120912494F0A4EB012EC496E
:105690004B4FB0127C514F9305244F4BB012FE4933
:1056A0004F430D3C4F4BB012FE494F49B0120846D4
:1056B0000F4A8F10B01208464F4AB01208463941BF
:1056C0003A413B4130410B120A12091208120712EB
:1056D000084F4A4E074D4B4CB012EC49494FB0129F
:1056E0007C514F9305244F49B012FE494F43213C52
:1056F0004F49B012FE494A4A0A584F4A7FD080FFAC
:10570000B0120846494F0E4A12C30E104F4E7FF09A
:10571000C0FFB01208464A4B093C4E4B0F4A0F8E51
:105720000E4F0E576F4EB01208467B534B93F52326
:105730004F493741384139413A413B4130410B12E1
:105740003150F4FFB012EC494B4F3D423E40E6125F
:105750000F41B012827C1E42CE11C14E08008E1045
:10576000C14E09001E42EE11C14E0A008E10C14EFC
:105770000B004F4BB012FE497C400C000D414E43D4
:105780003F406001B012C65631500C003B413041E1
:10579000B012EC49F2D020003100B012FE49304185
:1057A0000B124B4FB012EC49C24BD712B012FE494C
:1057B0003B413041B012EC49F2F0BFFF1D00B01286
:1057C000FE493041B012EC49F2D040001D00B01249
:1057D000FE4930410B122183B012EC494B4F8243FA
:1057E0005E11B2F0EFFF8201B2F0EFFF8401F2F040
:1057F000FDFF1F007F400300B0128253B0127453AC
:105800004F4BB012FE49B012EC498243B611814FA2
:105810000000B0126247B0127453F2F0FEFF250090
:10582000F2F0FEFF23002F41B012FE4982436611C1
:10583000B012B457B012EC49F2F0DFFF1D00B01205
:10584000FE49B012C4575F43B012064A21533B4190
:1058500030410B120A1209121B42D4115A4B2A0072
:105860004A9301206A43B0127052C29ABB110724B6
:105870004E4A3ED0E0807F401500B0128256C24AA8
:10588000BB11694BB012EC494A4FB0127C514F9397
:1058900004244F4AB012FE49203C4F4AB012FE4940
:1058A000B2403E00F2117F403E00B01208464F4920
:1058B0007F534F4FC243F011824BE0118243981245
:1058C000824F6813824364130F930324B0128052F3
:1058D000043C7F400600B012064A39413A413B4140
:1058E00030410B12B012EC495B42EF12B012FE498C
:1058F0000F4B0F5F0F5F0F5B3F502E010E4F3ED0DF
:1059000000407F401800B01282563B4130410B12DC
:10591000B012EC494B4FC293BC1104241E43C293F6
:10592000741301200E434E4E8E100E5E0E5E0E5E00
:10593000C293D11104241D43C293E41201200D43EC
:105940003ED0E2220D5D0D5D0D5D0D5D0EDD7F40F3
:105950001100B01282564F4BB012FE493B4130410C
:105960000B120A12091208120712B012EC49474F23
:105970001A42DC111B42DE11B0127A460D4F1F4253
:1059800080015FF305241A530B63B0127A460D4F62
:1059900012C30D1012C30D1012C30D1012C30D103F
:1059A00012C30D10084D09430E4A0F4B4FEA0FEA80
:1059B0008F104E4E8E100E5E0F6F0E5E0F6F0E5ECE
:1059C0000F6F08DE09DF4F47B012FE490E480F493E
:1059D0003741384139413A413B4130410B120A12BB
:1059E00009120812B0126059084E094F1E42821166
:1059F0001F4284110A4E0B4F1A52BE111B62C01176
:105A0000099F09280220089E06280B9F10280920BC
:105A10000A9E0D28063C0B9F04280F9B27280A9EF0
:105A2000252C099B04280B992128089A1F2C0C4A25
:105A30000D4B0C880D790D9303203C900104182820
:105A40000E480F493E5000040F63824E8211824F70
:105A500084110E4C0F4D3E5000FC3F63824EBE1130
:105A6000824FC0113C4000040D430A3C0C430D43DF
:105A7000824A8211824B84118243BE118243C0113B
:105A80000A4C0A5A0A5A0A5A0A5A0A5AB0127A464A
:105A9000085808580858085808580E4F0E880E9A8B
:105AA000042C0A8E3A900300062CB0127A462F532B
:105AB000824F9601033C0A5F824A9601B2F0FEFFD4
:105AC0008601B2D010008601384139413A413B414C
:105AD00030410B124B4FB012EC494E4B3E50D61298
:105AE000CE9300000420DE4300004B43013C5B43A7
:105AF000B012FE494F4B3B4130415F43B012D25A86
:105B00004F931920B012EC49829366110324B0120E
:105B1000FE491B3C92436611B012FE49B012EC499B
:105B2000F2D020001D00B012FE493E4014000F4389
:105B3000B01278550A3C6F43B01250524F930A206E
:105B40005F43B01250524F9302244F4330417F4085
:105B5000050030417F40090030410B120A124B4FC3
:105B6000B012EC494A4F4F43B012D25A4F932F20F4
:105B7000C24B1F11C2931C113C20F2900300621112
:105B800038207F400500B012064A2C3CD2436211F7
:105B9000C243EE12B012F24A253CC293EE12222406
:105BA0001E43F293E8110420C2931D1101240E43F9
:105BB0000E931820F2931E110320C2431E11043CC1
:105BC0005E421D11CE43E811C2431D110B3C1E4322
:105BD0004D4B7DF00F004D9303240E5E7D53FB3F34
:105BE000C2DE64114F4AB012FE494F433A413B4175
:105BF0003041C2936211D123C93F0B12B012EC495C
:105C00004B4F5F43B0125649F2F0DAFF70005F432A
:105C1000B0125649F2F03F0004003E401B00FEF077
:105C2000EFFF0000FEF0DFFF00003D402C116F4D44
:105C30007FD00500C24F7000D24D010071001D429F
:105C40002A11C24D74008D104D4DC24D7500C243D6
:105C50007300EED30000EED20000FED20000F2D0BE
:105C6000400004004F43B0125649F2F03F000200DA
:105C7000F2F03F0000004F4BB012FE493B41304173
:105C80000B120A124B4FB012EC494A4F4F43B0125D
:105C9000D25A4F9306244F4AB012FE497F40050066
:105CA0001E3CC2931C111E20F290030062111A20A8
:105CB0000B3CE2436211C243EE12B012F24AC293AD
:105CC0001C110620B012FA5BC24B1F114B43033C60
:105CD000C24362110A3C4F4AB012FE494F4B3A414F
:105CE0003B413041C2936211E427B012EC49C243F8
:105CF000D612B012FE495B43EE3FA243B611D24327
:105D0000CA11E2921F1105246F42B012805C4F93BA
:105D10000320B012305330416F42B0125A5B304111
:105D20000B12B012EC494B4F8293B6111824C243A8
:105D3000CA115E42BD114E930324F2B22000052029
:105D4000D2B3200008204E9303247E53C24EBD11CF
:105D5000B012FA5C073C9243B611C243BD116F42C8
:105D6000B01282534F4BB012FE493B413041B0124A
:105D70006247B0127453B01270527F42B012205278
:105D80007F42B0122052B01274536F42B01282534D
:105D9000B012205D30410B120A12091208120712CC
:105DA00017429812C293F0110224304096601F42AD
:105DB000F2113FB04000022030402E607FF0BFFF64
:105DC0007F903F000224304096601B427E116E4B54
:105DD000C24EB8111F42B6113F90050039243F90C2
:105DE000060084242F93022430401E60B240050038
:105DF000B6115D429A114D9E27242628F2B220004A
:105E00000820D2B3200005204F4E7FE34F5DC24FE4
:105E10009A117E902A00182C4E930E240F4B1F537C
:105E20007E9203287E400700033CB2400600B61174
:105E3000B0129A5230409660C243CA11B0127453E5
:105E40006F42B0128253E83CB0126E5D30409660F3
:105E5000B2400600B611C293D1114124C293E4129C
:105E60003E205F4B02008F105E4B01000FDE3FF0C3
:105E7000200035245A4B07008A105F4B06000ADFCA
:105E8000B012EC491942EE11B012FE490A990824E9
:105E90005F4B07008F105E4B06000FDE3F931F2005
:105EA0005F4B02008F105E4B01000FDE3FF00700DA
:105EB0001F931520B0127453B01270527F400A0025
:105EC000B0122052B0127453B01270525E42B81128
:105ED0007E50F9FF0F4B3F52B012C652DC3C5E427F
:105EE000B8117E50F9FF0F4B3F52A23FB0127453CE
:105EF000C293BD1103206F42B0128253C293BD11F1
:105F00000324F2B220000B20D2B3200008245A420E
:105F100060134A930424F2900B00B8110E2C1F4218
:105F20007E11CF432D00CF433100CF433000CF430C
:105F30002F00FF4080FF2E00373C594266135A93D2
:105F400019200F490F5F0F5F3F500A13284F1C4F56
:105F500002001D427E11CD4831000E4C0F488F10BB
:105F60008E104FEE0FEECD4F3000CD4C2F008C1029
:105F7000CD4C2E00195379F00700C24966137A53AD
:105F8000C24A601311241F427E11CF432D00CF431C
:105F90003100CF433000CF432F00FF4080FF2E0061
:105FA000C2436613C24360135F42B8110F5BCF93C5
:105FB00000003234079330245F4B02008F105FDB08
:105FC00001007FF007001D427E116F931F201F42CA
:105FD000D4110F932124B29007005E111D20DF9D84
:105FE000030003001920B2F0EFFF82016E4DDF4382
:105FF0002C000E5DDF4EFFFF28006E4E7EF07F000E
:10600000CF4E29004F43B0125A53063C5F930420F1
:106010007F42B012064A3F3CB012205D3C3CC24376
:10602000CA11B01274536F42B0128253343C7F9045
:106030003E003120B0127453B2925E111120B012A2
:1060400070527F400900B0122052B0127453B01247
:106050003E5492435E117F400300B01240531B3CFC
:10606000C293B0130520A2425E11B012EA55133C50
:10607000B0123E54B24003005E11B012B0453E4033
:106080003601B0125A7C0E4F3E500B00824E9811D2
:106090000F43B01278553741384139413A413B41BD
:1060A00030410B120A120B4FB012EC494A4F0F4B02
:1060B000B0121C47FF403F0000004F4AB012FE499B
:1060C00082436E136F43B012D25A4F936E205F42D9
:1060D000F1124E4F5E53C24EF112CB4F0300B0127D
:1060E000EC494A4F6F43B01250524F930B204F4A26
:1060F000B012FE49B012EC49C243D812B012FE49A8
:106100005F43553C6F42B012A057824BFC114F4A7F
:10611000B012FE495F4B02008F105E4B01000FDE94
:106120003FF020CC4E4F3ED041008F104F4F8F108C
:106130000EDFCB4E01008E10CB4E0200CB432C0065
:10614000CB432800CB432900CB433100CB43300065
:10615000CB432F00FB4080FF2E00D243DA121B42BC
:10616000FC11B012EC491E425E113E9202241E93B5
:106170000324B012FE49143CA2435E11D243B01373
:10618000824BD411C2438611B012FE497F400300F6
:10619000B012805C4F9306247F400300B0125A5B1C
:1061A0004F43053CB0125258FB3F7F4005003A4137
:1061B0003B4130410B120A1209120B4D4A4C7C90A4
:1061C0001D004F2CCD4F0B00CD4E06008E10CD4E36
:1061D0000700B012EC491942CE11B012FE49CB496A
:1061E00004008910CB490500B012EC4919421A117C
:1061F000B012FE49CB4908008910CB4909005F4B1A
:1062000001003FD040885E4B02008E100FDECB4F66
:1062100001008F10CB4F02004F4A7F500D00CB4F33
:106220000000C29317110824C24317110F4BB0127C
:10623000A2604F930F20193CC24AFA11C243FB11CE
:10624000824B58117F400B00B012064AC2931711BF
:106250000A24033CF2431711083CC243DA114F43AE
:10626000043C6F43023C7F40090039413A413B41C5
:1062700030410B120A1209120812494F484E4D4F75
:106280000D5D8D430612C24314111D4206120D937B
:1062900004245F426C131FF30224D2431411C293EF
:1062A000141114205B4D07008B105A4D06006C4DE5
:1062B0007C50F3FF0E4B0EDA5F4D0B00B012B46151
:1062C0004F9304247F400D00B012064A49932920C1
:1062D000489327201F422E11C24FA812C243A91271
:1062E000C243AA12C243AB12C243AC12C243AD12A4
:1062F000C243AE12C243AF12C243B012C243B11284
:10630000C243B212C243B312D243B4121F93042049
:10631000D2427211B512033CD2427011B5129243AF
:106320006E11384139413A413B4130410B120A125A
:10633000091208120712061205127F920228304035
:10634000D8664F4F0F5F104F7C871F4282018F101E
:106350005FF304241F4292013040D866B2F0EFFF91
:1063600082018293E41149208293E61146201F4264
:106370005E113F50FDFF3F9006002F2C0F5F104F26
:106380008C87F2B0100020000824A2425E113E402B
:1063900007000F43B0127855203CB012BC551D3C8D
:1063A0007F400300B012805C4F9305247F400300C0
:1063B000B0125A5B123CB012EA550F3C4F430B3CF3
:1063C0007F400900B01220525F43B0128C46B012D9
:1063D0003E547F400700B0125A5392936611022434
:1063E0003040D866A2436611B012B457B012C457F9
:1063F0004F43B0125A5B3040D866B01294543040CC
:10640000D8661F4284018F105FF302203040D866A7
:1064100018429401B2F0FEFF8401B2F0FDFF840146
:10642000B0124A540C4E0C880D43064E074F068C92
:10643000077D1F425E113F90050004243F90060037
:10644000B820983CB24006005E11D243C611C24348
:106450005C116F43B0128C461C42D411CC46310003
:106460000F460D478F108D104FED0FEDCC4F3000C4
:106470000F47CC472F008F10CC4F2E00CC932D0010
:106480006424654C7550FBFF4945095C6D490A431E
:106490000B430B4D8B100C430D435D4901000CDA8F
:1064A0000DDB5A4903000B430CDA0DDB5A4902009D
:1064B0004BEA0BEA8B104A4A8A100CDA0DDB0C8689
:1064C0000D77C94C03000A4D8C108A104CEA0CEA77
:1064D000C94C02000F4DC94D01008F10C94F00007B
:1064E000B01270526C420D494E450F43B012C65661
:1064F000B01274536F490C430D430D4F8D100A4376
:106500000B435B4901000CDA0DDB5A4903000B43D6
:106510000CDA0DDB5A4902004BEA0BEA8B104A4AAF
:106520008A100CDA0DDB0C560D67C94C03000F4CBA
:106530000C4D8F108C104FEC0FECC94F02000F4D1B
:10654000C94D01008F10C94F00001D42D4115F4D8D
:1065500002008F105D4D01000FDD3FF0200002248E
:10656000D2439C11B0123E54B2F0EFFF8201E2B36D
:106570001C00B220C243C6115F43B0128C461D42BC
:10658000D4115F4D02008F105D4D01000FDD3FF013
:1065900020000924B24007005E113E4000010F4375
:1065A000B0127855033C4F43B0125A53E2B31C006B
:1065B0009324C2935C112720C293C6112420D24396
:1065C000C6116F43B0128C465C421C005D426013E2
:1065D0007D920E2C4F4D5F5266133FF007000F5F08
:1065E0000F5F8F460A138F470C135D53C24D601324
:1065F000D2435C118248F411E2B31C006D204E4C72
:106600006EF35A4301204A43D293C6116520C24318
:10661000C6115F43B0128C46C2435C114A935C20A2
:106620000F481F82F4113F900A00562C5F426013FE
:106630004F9303247F53C24F60131F42D4110F9313
:106640004B24CF432D00CF433100CF433000CF4305
:106650002F00FF4080FF2E003F3C1F4286018F101D
:106660005FF303241F429601373CB2F0EFFF86012F
:106670008293BE1108208293C01105207F4009003B
:10668000B012064A293CB012DC59263C1F42880150
:106690008F105FF321241F4298011E3C1F428A0184
:1066A0008F105FF319241F429A01163C1F428C0180
:1066B0008F105FF311241F429C010E3C1F428E017C
:1066C0008F105FF309241F429E01063C9253DC1198
:1066D0008263DE1192530812354136413741384109
:1066E00039413A413B4130410B121F42001112C364
:1066F0000F10C24F6A13B012EC494B4FD2437800CF
:10670000B012E6465E4203117EF0FAFF5ED3C24E3F
:106710007800D24204117900D24205117A001E425B
:106720000011C24E7C008E104E4EC24E7D00D242F1
:1067300002117B005E4206117EF003007E90030092
:106740000B20F2D040001B00F2D080FF1B005E4205
:1067500005007ED030000F3C6E931020F2F0DFFF7A
:106760000500F2F0BFFF1B00F2D080FF1B005E426D
:1067700005007ED01000C24E0500123C5E930E2034
:10678000F2F0EFFF0500F2F07F001B00F2D04000B6
:106790001B005E4205007ED02000ED3FB012044792
:1067A000F2F0FEFF7800F2F0CFFF0300F2F0CFFF2F
:1067B00001004F4BB012FE49B012EC49F2F0CFFF8E
:1067C0000300F2D030000100B012FE493B413041DD
:1067D0000F120E120D120C124F43B01286493C419B
:1067E0003D413E413F41B1C0F000000000130F1297
:1067F0000E120D120C121F422E014F4F12C34F10DA
:10680000B01286493C413D413E413F41B1C0F0009C
:10681000000000130F120E120D120C124F43B01293
:106820002C633C413D413E413F41B1C0F00000007E
:1068300000130F120E120D120C121F421E014F4FA9
:1068400012C34F10B0122C633C413D413E413F41C9
:10685000B1C0F00000000013B012EC49D293301127
:106860000420B012FE490F433041C293321104207C
:10687000B012FE491F433041D2433011B012FE49DD
:10688000B0127C4E0F4330410B120A12091208124B
:10689000071206120512064E074F05430E450E5EFF
:1068A0000F4E0F5F0F5F0F5E3F5010125E4F0800DC
:1068B0006EB3C4242A4F1B4F02001C4F04001D4F0F
:1068C000060008460947088A097B099DB728022067
:1068D000089CB4285EF30424FFF0FDFF0800083C88
:1068E000084C094D085A096B8F4800008F49020077
:1068F000559303246593A6209E3CC2936A116A2493
:10690000D2537211C293761115241F427A110F933C
:10691000082059422E115953C249781192437A11D5
:10692000093C1F9307205F422E116F52C24F78110E
:1069300082437A11B01258685F42AE120F125F4262
:10694000AD120F125F42AC120F125F42AB120F1268
:106950005F42AA120F125F42A9120F125F42A812E1
:106960000F125F4278110F125F42B5120F1212120E
:106970006E1130129887B012E67D315016005E42DB
:106980007811C24EA212C243A312F2400D00A71208
:10699000829306121A20B2409C120612F2401B008B
:1069A0009C12C29314115A24C24314117C400E004D
:1069B0003D409C124E4E7F400D00B012B4614F938B
:1069C0004D24D24314118243061292932E110224B5
:1069D000C2436A11B0126059824E2412824F2612AD
:1069E000B2401027281282432A12F2D003002C1240
:1069F0007F400A00B012064A6F43B01250524F93C4
:106A000007247F400300B012A057B012D4571A3C9D
:106A1000B01250524F9316206F42B01250524F9303
:106A200005247F400300B012A0570C3C7F400300B8
:106A3000B0125052073CB012FA5A043C155335902C
:106A400003002C237F400A00B012064A354136412C
:106A50003741384139413A413B413041B012EC496C
:106A6000F2E040003100B012FE49AF3F0B120A12B3
:106A700009120812071206123150F6FF7F90180013
:106A80000228304006784F4F0F5F104FB287B01288
:106A9000EC494B4F5F43B0128C4692435E11C243A8
:106AA0005C11C2439C11C243BB114F4BB012FE4953
:106AB000B012EC49814F0800B01262479243B61100
:106AC000C243CA11F2F0FEFF2500F2F0FEFF2300E0
:106AD000D2D32400D2D325001F410800B012FE49B2
:106AE000B012EC494B4FA292661105207F40030083
:106AF000B01220524F4BB012FE49B012EC494B4F2E
:106B0000B01274534F43B01282534F4BB012FE4930
:106B10006F43B012A057B012EC49F2F0DFFF310022
:106B2000483C4F43B012A057B012905730400678FF
:106B3000B012EC495B426811B012FE497F4003007D
:106B4000B01250524F930324B012D457033C6F43FA
:106B5000B012A0571A42FC11B012EC49C243D8122D
:106B6000B012FE4982936E13022430400678F2433D
:106B70001711C2931411022430400678829A06122B
:106B80000224304006784E4B3040F273B012EC498C
:106B90004B4FC293AE130D20D243AE13A292661197
:106BA00004205F43B0125A5B033C6F42B012064AA6
:106BB0004F4BB012FE4930400678B012EC49C24348
:106BC000AE13F73FB012EC495B421F11B012FE4901
:106BD0007B9005000228304006784F4B0F5F104F26
:106BE000E287B0127052B012EC494B4FA29366117B
:106BF000E023B240030066113E4018007F401D00B4
:106C0000B0128256F2F0EFFF2500F2F0EFFF230002
:106C1000F2F0EFFF2400F2D0100025005F43B01225
:106C200020523E407F027F401C00B0128256B012BC
:106C3000E258B0120E593E40562A7F401700B0125B
:106C400082563E40E2807F401500B0128256B03F2F
:106C5000B01270527F400600B0122052B012E258BB
:106C6000B0120E59B0123E57B0127453B012705297
:106C70007F400300B0122052B01274535F43B01231
:106C800082536F4230400278B0127052B012EC4919
:106C90004B4FB0127C514F9304244F4BB012FE491E
:106CA0000D3C4F4BB012FE497F405300B0120846D6
:106CB0004F43B01208464F43B0120846B012745307
:106CC0006F43B012825330400678B012EC495B42F9
:106CD0005E11B012FE496B9208247B920A246B93DA
:106CE0001E20B012525830400678B012EA5530409B
:106CF0000678B01270527F400900B0122052B012D4
:106D00007453B0123E54B012EC4992435E11B0126B
:106D1000FE497F400300B012405330400678B01265
:106D20003E5430400678B012305330400678B012EE
:106D3000EC49814F0800B012965D3040A673B01246
:106D4000EC49D242EE121C11F24003006211B01263
:106D5000FE49C2931C110220B012FA5BC2931C11AF
:106D60000224304006787F400500304002781B4204
:106D70007E11684B4E480E5B6F4E4F5F0F430F6F97
:106D8000CB4F2B006F4E7FF07F00CB4F2900DB4EA7
:106D9000FFFF2800594B02005A4B0100B012EC498A
:106DA0005742BC11B012FE49479348244E498E10F9
:106DB0004F4A0EDF8E104E4E12C30E1012C30E102D
:106DC0003EF003002E931E205A4B07008A105F4BA3
:106DD00006000ADFB012EC491942EE11B012FE496A
:106DE0000A990B245F4B07008F105E4B06000FDEE5
:106DF0001E433F9303240E43013C1E430E931E206B
:106E0000304092723E9003000224304092729142D0
:106E1000E61200009142E81202009142EA120400D8
:106E20009142EC1206003D420E410F4B3F500600CE
:106E3000B012627C0F9302243040927278900D0061
:106E4000022C304092721A427E115E4A02008E106D
:106E50005F4A01000EDF0F4E8F104F4F12C30F100D
:106E600012C30F103FF003000C4A3C5006008E1076
:106E70004E4E7D40060012C30E107D53FC233E9003
:106E8000030002242E43013C3E423F9003000224B3
:106E90002F43013C3F420C5F0B430F430D4C0D5FF2
:106EA0006D4D0B5D1F530F9EF93B574A0300F24394
:106EB0007013B012EC495C4270133E4088110D43D0
:106EC0002B9E0A20CE9702000620C24C7013B012EF
:106ED000FE4930408E724C4D1D532E522D92F023A0
:106EE000C24C7013B012FE4958427013B012EC49F4
:106EF00078930324C2985A11042058425A115D43D2
:106F0000013C4D434E480E5E0E5E8E4B8811CE47BF
:106F10008A114D9307245E425A115E537EF003009E
:106F2000C24E5A11B012FE49B012EC49494F0F4AF5
:106F3000B0121C476B4F4F49B012FE49CA932B0049
:106F4000022030408E727B903F00022430408E72CF
:106F50005B4A07008B105F4A06000BDFB012EC495A
:106F600019421A11B012FE490B990B245F4A07000F
:106F70008F105E4A06000FDE1E433F9303240E432C
:106F8000013C1E430E93022030408E72FA900D0099
:106F90000B00022430408E725F4A09008F105E4A57
:106FA00008000FDE824FC4113F901000282002120B
:106FB00032C2034392422E113201B240E80338013B
:106FC0001F423A013241824F1A123F401A128F4338
:106FD0000200B240803E1E12824320125F42221203
:106FE0007FF0FEFF6FD3C24F22127F400A00B01223
:106FF000064AD2437411D2436A1130408E720B4A52
:107000003B500C00B012EC49F2E010003100B0121D
:10701000FE49D2436A111F426E1192436C111F93B5
:107020003120283C0F4E3F533F92212C0F5F104FD1
:10703000EC87E24BA9121B3CD24B0100AA12173C71
:10704000D24B0200AB12133CD24B0300AC120F3CEC
:10705000D24B0400AD120B3CD24B0500AE12073CE4
:10706000D24B0600AF12033CD24B0700B0121E53A6
:10707000824E6C111E426C115F4B0C000F9ED2377A
:10708000304062723F9003003020283C0F4E3F5347
:107090003F92212C0F5F104FFC87E24BAB121B3C41
:1070A000D24B0100AC12173CD24B0200AD12133C84
:1070B000D24B0300AE120F3CD24B0400AF120B3C7C
:1070C000D24B0500B012073CD24B0600B112033C74
:1070D000D24B0700B2121E53824E6C111E426C112D
:1070E0005F4B0C000F9ED237BC3C2F933020283CC6
:1070F0000F4E3F533F92212C0F5F104F0C88E24BF5
:10710000AA121B3CD24B0100AB12173CD24B02001F
:10711000AC12133CD24B0300AD120F3CD24B040017
:10712000AE120B3CD24B0500AF12073CD24B06000F
:10713000B012033CD24B0700B1121E53824E6C11A9
:107140001E426C115F4B0C000F9ED2378A3C2F926F
:107150002D20253C0F4E3F533F9007001D2C0F5F05
:10716000104F1C88E24BAC12173CD24B0100AD1201
:10717000133CD24B0200AE120F3CD24B0300AF12B5
:107180000B3CD24B0400B012073CD24B0500B112AD
:10719000033CD24B0600B2121E53824E6C111E42AB
:1071A0006C115F4B0C000F9ED5375B3C3F90050088
:1071B0005220253C0F4E3F533F9007001D2C0F5F80
:1071C000104F2A88E24BAD12173CD24B0100AE1291
:1071D000133CD24B0200AF120F3CD24B0300B01253
:1071E0000B3CD24B0400B112073CD24B0500B2124B
:1071F000033CD24B0600B3121E53824E6C111E424A
:107200006C115F4B0C000F9ED5372B3C0F4E3F533C
:107210003F9007001D2C0F5F104F3888E24BAD12D6
:10722000173CD24B0100AE12133CD24B0200AF12FE
:107230000F3CD24B0300B0120B3CD24B0400B112F6
:10724000073CD24B0500B212033CD24B0600B312EE
:107250001E53824E6C111E426C115F4B0C000F9E30
:10726000D5375F4A19005F92B5120628C24FB51292
:10727000D24A19007011033CD2427011B5125F4A14
:1072800018001F526E11824F6E11C24FB412824A03
:107290007E11B012EC49C243CA11B012FE49B012BD
:1072A000205D30400678C293BA1128201A42061396
:1072B0001B420813B012EC491842BE111942C0110A
:1072C0001852821119628411B012FE49824A0613C3
:1072D000824B0813C243BA11B012EC4982488211A2
:1072E00082498411824ABE11824BC011814F08002D
:1072F000B012DC591F410800B012FE49B0126059AB
:107300003A3CB0126059084E094FB2F0EFFF8601C7
:1073100046433A433B40FF7F07430E470E5E0F4E06
:107320000F5F0F5F0F5E3F501012EFB30800132482
:107330000C480D492C8F1D7F02001E4F04001F4F6B
:1073400006000E8C0F7D0F9B033805200E9A032C30
:107350000A4E0B4F5643175337900300DE234693D4
:107360000220304006780B9304381B9308341A939C
:10737000062C0E480F49B012886830400678824AC1
:107380000613824B0813D243BA11B012EC4982485B
:10739000821182498411824ABE11824BC011814FF1
:1073A0000800B012DC591F4108003040B26B5F4248
:1073B000DA115F921711022030400678C24F171180
:1073C0004F931C201F425811B012A2604F9302200D
:1073D00030400678F24317111E425811C29314111F
:1073E000022430400678829E06120224304006783D
:1073F0004E4F4F43B012726230400678F24317117D
:10740000304006785E426C134E930220304006787E
:107410000D435F434EBF03248D4306124ECF4F5F93
:107420002D533D901000F623C24E6C133040067869
:107430005E435F421411DE3FC293E21102203040EE
:10744000067838402A134A435B435F42E2114BBF40
:107450000A24884300004FCBC24FE2117E40030054
:107460004F4AB0120C4F4B5B5A5328537A92ED237C
:10747000304006785B4213114E4B0E5E8E432A134A
:10748000B0120A4E5E434F4B30407077B012EC4959
:10749000C243AA135B429A125A437B9201244A4385
:1074A00058437B900900012448434A9302204893A3
:1074B0000724C2439A125E420C120E5ECE43F611AE
:1074C000B012FE494A93022048931E24B012EC49A0
:1074D000D2536213F2904300E9110E205E42FF1175
:1074E0005E92FE110C245E53C24EFF117E90060088
:1074F0000628C243FF11033C5AE35843023C484369
:107500004A43B012FE49043C4B9361204A4348432E
:10751000B012EC495B425611B012FE494B9308245D
:10752000B012EC49F2400A009A12B012FE49413CF6
:10753000B012EC495742F6115B42F811B012FE4905
:10754000B012EC495942FE115642FF11B012FE49E9
:107550004996202447931E20B012EC494B4FE2433A
:10756000F611B012EC495642FE115742FF11B0120B
:10757000FE49469705245E42FF115E4E0012013C13
:107580004E43C24EF711F2404300E911C2430C12C0
:107590004F4B0B3C4F4B7F536F930B2CB012EC496E
:1075A000F2404500E911D2430C12B012FE495B4390
:1075B000013C4B4348930C24B012EC49C24A481199
:1075C000B012FE497F401400B012064A013C4B4302
:1075D000B012EC494A4FF2900A009A120520B012FC
:1075E000D04A4F4A3040B26BB012FE494B93022052
:1075F00030400678B012EC498243B213C243E31123
:10760000D2439A12B012FE49B012B24F4F930220E9
:1076100030400678B012EC49F24009009A12B012DC
:10762000FE49B012264B30400678B012EC49C293A6
:1076300038112B20E2433811C243D011B012FE4959
:10764000B012EC494B4FD293081112205E42381110
:107650005E9305207F401600B012064A093C6E93E7
:107660000720D242D0110811F24003003811013C2A
:107670004F4BB012FE49C29308110320B012E866C6
:10768000063CB012EC49C2433811B012FE49B012A8
:10769000EC49C2439A12C243CB113040B26B7F40D7
:1076A0001300AF3CB012304F4F93AD248293C811FA
:1076B000AA2082937213A720B012EC494B4FF2908C
:1076C0000300381102243040B06BC2930811022429
:1076D0003040B06B5D420A117D931B244E4D5F4ECE
:1076E0006B13C24F0A117F930220F2430911FE432C
:1076F0006B13C24DD011F2430811D24338117F40B1
:107700001600B012064AD2437800F2F0CFFF010013
:107710000D3CD2430811C2433811D2437800F2F035
:10772000CFFF0100B0120447B012E646B012044782
:107730003040B06B82434E11B012EC495B424811AD
:10774000B012FE49C293461102247B4003001F423F
:107750005011C29344115720C29313115420829F99
:107760002A13512082432A13B0120A4E4E4B4F4324
:10777000B0120C4F483CB012EC491A423E115B4229
:107780009B11B012FE49B012EC494E4B0E5E8E4A70
:107790000E115E4254114B9303247EF0FBFF023C1A
:1077A0007EF0FDFFC24E5411C24342113040B26B15
:1077B000B012EC49D242D0110811F2400300381146
:1077C000B012FE49C29308111E20B012E8661B3C9D
:1077D000F2437C13F2437B13F240640081138293E3
:1077E0002A130D20B24076132A13F2401C007F1397
:1077F000C29313110824B0124E4E4F9304247F40BD
:107800001700B012064A31500A003641374138415C
:1078100039413A413B413041F29361130824B0129F
:1078200068497F930624B0126C6A5F4330414F432E
:1078300030414F4330410F120E120D120C122183B2
:107840005E4223005F4225004FFE4F4F814F0000F4
:1078500091B300000E24F2F0FEFF23009293B611C4
:107860000520A243B611B012FA5C553CD253BD11AB
:10787000523CA1B3000005245F4223007FF0FDFFCE
:10788000483CA1B2000005245F4223007FF0FBFFCB
:10789000403CB1B2000005245F4223007FF0F7FFB7
:1078A000383CB1B0100000001A24F2F0EFFF2300C2
:1078B000A2426611F2F0EFFF2500F2F0EFFF230085
:1078C0000E437F401D00B0128256B0123E57B012D8
:1078D0007453B01270524F43B012064A1C3CB1B000
:1078E0002000000005245F4223007FF0DFFF113CF1
:1078F000B1B04000000005245F4223007FF0BFFFCD
:10790000083CB1B08000000006245F4223007FF0F5
:107910007F00C24F230021533C413D413E413F4146
:10792000B1C0F000000000130F120E1221835E425E
:107930002B005F422D004FFE4F4F814F000091B34F
:10794000000005245F422B007FF0FEFF3B3CA1B30B
:10795000000005245F422B007FF0FDFF333CA1B205
:10796000000005245F422B007FF0FBFF2B3CB1B2EF
:10797000000005245F422B007FF0F7FF233CB1B0ED
:107980001000000005245F422B007FF0EFFF1A3C3F
:10799000B1B02000000005245F422B007FF0DFFF24
:1079A000113CB1B04000000005245F422B007FF085
:1079B000BFFF083CB1B08000000006245F422B00EE
:1079C0007FF07F00C24F2B0021533E413F41B1C0A9
:1079D000F000000000130F120E120D120C125E4286
:1079E00076005F4262114F931C24183CC2931C1115
:1079F00018201F4298120F9304241F526413CF4E75
:107A0000FFFF929268136413032CB0120051093CDB
:107A1000F2F0BFFF0000B012965D033C7F900300C0
:107A2000E5273C413D413E413F41B1C0F0000000EF
:107A300000130F125F4270003FF0200006245F42E7
:107A400070002FF202245F4270003F41B1C0F0008D
:107A5000000000130F120E120D120C125E427E0077
:107A60005F4238114F9331242D3CC29308112D20D1
:107A70001D42C8110D930E241F4296120D5FCD4E6C
:107A800000001F53824F96121F920E121E2882432F
:107A9000C8111B3C7E907E0003204E435F430F3C89
:107AA0007E907D000320E2D33A110F3CE2B33A11FD
:107AB0000524F2F0FDFF3A117EE020004F43B012A2
:107AC0004E4B033C7F900300D0273C413D413E415B
:107AD0003F41B1C0F000000000130F120E120D1252
:107AE0000C125F4238114F931E241A3CC2930811A6
:107AF0001A20C29380110F201F42D2111F92D2125E
:107B00000A2C1E4272130E5F6E4E1F53824FD2110B
:107B1000C24E7F00083C82437213B012CC4F033C2C
:107B20007F900300E3273C413D413E413F41B1C0CE
:107B3000F000000000130B120B4FC293301108200D
:107B4000F290060032110428D2433011B0127C4E5C
:107B5000B012EC494E4F5C4232117C900C00152C57
:107B60005F4234114D4FCD4BF2125F53C24F34116F
:107B70007F900C000220C24334115C53C24C32117E
:107B80004F4EB012FE490F43033CB012FE493F4333
:107B90003B4130410B120A12091208120712061259
:107BA00005120412084C094D0A430B430C4E0D4FAD
:107BB0000E430F43B012007C34413541364137410A
:107BC000384139413A413B4130410B120A12091206
:107BD0000812071206120512041218411200194168
:107BE00014001A4116001B411800B012007C3441E9
:107BF000354136413741384139413A413B413041C5
:107C000004430543064307430E3C12C30B100A10FE
:107C1000091008100428045C056D066E076F0C5CE3
:107C20000D6D0E6E0F6F0893F0230993EE230A93E8
:107C3000EC230B93EA230C440D450E460F473041CD
:107C40007C4010000D4E0E430F5F0E6E0E9D0228FD
:107C50000E8D1FD31C83F8233041B012407C0F4E91
:107C600030410B120D930A247B4F7C4E4B9C042415
:107C70004F4B4E4C0F8E033C3D53F43F0F433B4163
:107C800030410B120A120912081207120D937024C8
:107C90000F9E6E24342C0C4E0CDF1CF31B240C4E58
:107CA0000CEF1CF307202D9307280B4E1BF32C43DE
:107CB0000C8B033C0C4D013C1C430D8C0A4C094EB3
:107CC0000B4FFB4900001B533A53FB230A4F0A5C3E
:107CD0000E5C013C0A4F0B4D12C30B100B24094BD9
:107CE000084E0C4ABC4800002C533953FB230B5B55
:107CF0000E5B0A5B1DF33C24EA4E0000393C0E5D2E
:107D00000C4F0C5D0B4C0BDE1BF31B240B4C0BEED2
:107D10001BF306203D90030003280B4E1BF3013C90
:107D20000B4D0D8B094E0A4C084B088C3A533953B6
:107D3000EA490000074A0758F9233BE31B530C5B51
:107D40000E5B0B4D12C30B100E240A4B084E094C50
:107D500028832983A94800003A53FA230A8B0B4A47
:107D60000B5B0E5B0C5B1DF30324DC4EFFFFFFFF80
:107D70003741384139413A413B4130410B120A12F7
:107D8000091208123D900600092C0C4F043CCC4E01
:107D900000001C533D530D93FA23203C4E4E4B4E96
:107DA0000B9303240C4B8C100BDC1FB306243D53A8
:107DB000CF4E0000094F1953013C094F0C4D12C31F
:107DC0000C100A49084C8A4B00002A533853FB23F5
:107DD0000C5C0C591DF30224CC4E00003841394193
:107DE0003A413B4130410D412D533E4D3F40367BA2
:107DF000B0129C7F30410D4E0E4F3F40367BB0128B
:107E00009C7F30410B120A12091208120712061247
:107E1000051204123182084F814E0400094D1F41A2
:107E20001A001D411C004C4D044D841045444E4F1A
:107E30007EB040001124F140300000000E4F8E1043
:107E40005EF303247E405800023C7E407800C14E21
:107E500001000C412C530F3C7EF020000424F14023
:107E600030000000043C4C930524C14D00000C413F
:107E70001C53013C0C410A4C8C108C118C108C1141
:107E80000B4C06410C418C108C118C108C11074C42
:107E90000A860B770E4F8E10C14E02006EF202243E
:107EA0000745013C37434F4F7FB010003C201D4138
:107EB00004003D531D53CD930000FC231D8104009D
:107EC000099A0228098A013C0943E1B3020005240A
:107ED000099502280985013C0943054D079D012CA0
:107EE00005474F930D38F1402000060006430B4331
:107EF0000E3C0F410F566F4F8F1116538812013CE5
:107F00000643069AF63B0B4AF14030000600058B0B
:107F1000053C5F4106008F1188121B530F450F5B14
:107F20000F99F72B0A3C06430B43073C1B530F41A9
:107F30000F566F4F8F1116538812069AF73BE1B315
:107F4000020002244A44083C1A4104000A8B0D3CFA
:107F50003F40300088127A534A93FA2344440B542A
:107F6000F33F37538F1188121B530F4A0F5B6F4F2C
:107F70004F9307240793F523043C3F4020008812C9
:107F80001B530B99FA2B0F4B31523441354136417B
:107F90003741384139413A413B4130410B120A12D5
:107FA0000912081207120612051204123150B6FF08
:107FB000814F3A00064E054D814E3E00C1432F00D1
:107FC000C1432B00C1432E00C1432A00814330002E
:107FD00081432600074381432C000E413E501C0084
:107FE000814E1C00304016860F461F53814F4000C3
:107FF00007931E207E9025001320814300008143BB
:10800000020081463E00C1432F00C1432B00C14303
:108010002E00C1432A008143300030400C860547C2
:108020008E110F4E91123C0091532C003040F2857E
:108030007E906300C5247E90640027347E903000DB
:1080400094247E9031001A347E902A0077247E900A
:108050002B000A347E90230042247E902500E027E6
:108060007E9020003220563C7E902D0049247E9048
:108070002E005B247E902B002820473C7E903A0007
:108080008C387E9058002120E93C7E906F0024249B
:108090007E9070000A347E906900E3247E906C002C
:1080A00022247E9064001120DC3C7E907300982492
:1080B0007E90740004347E9070000720B83C7E905F
:1080C0007500D1247E907800D22419413E001841D9
:1080D0002C0008893040E085B1422800CB3CF1D229
:1080E000000030401086694159F36E4104247EF04F
:1080F000FEFF6ED3013C5ED3C14E000030401086BF
:10810000F1D01000000030401086F1402B0002003A
:1081100030401086F1902B00020002203040108683
:10812000F1402000020030401086C1932A00022452
:108130003040F685D1432E00304010860E452E5338
:108140002A450A930338814A26000D3CC1932E002C
:10815000022430400686F1D0100000003AE3814A44
:10816000260091532600054E273C819326001520BA
:10817000C1932E001220694179F010005E43012462
:108180004E434E4E0E110E434E106A417AF07F0060
:108190004ADEC14A0000304010861A4126000A5AC1
:1081A0000C4A0C5C0C5C0A5C814A2600B150D0FF82
:1081B00026008E11815E2600D1432A0030401086B1
:1081C000074527536E45C1932E000320C1932A0013
:1081D0002627C14E0400C14305000E412E52033C28
:1081E000074527532E45C1932E000724E1D20100F5
:1081F0001F412600C14F0300063CC1932A000324FF
:108200009141260030000E9302203E405688111204
:108210000400111204001D4134001F413E00B01241
:10822000047E2152815F2C0005473040F2850745CE
:108230002753294581491E005E43099301204E437F
:108240004E5E4E5E4E5E6A417AF0F7FF4ADEC14AEC
:1082500000000547B14010002800533CD1D3010075
:10826000063CE1D20000B1400A002800033CB140C6
:10827000100028006B416BB324240C453C52284568
:1082800017450200164504001B45060081481E00E4
:108290008147200081462200814B2400D1432B00DE
:1082A0000893062007930420069302200B930224D0
:1082B000C1432B000B5B0B430B6BC14B2F00054CD9
:1082C000203C5BF307450D24275228451B4502003F
:1082D00081481E00814B2000D1432B0008930920C8
:1082E000063C27532B45814B1E00D1432B000B939B
:1082F0000224C1432B000B5B0B430B6BC14B2F00C4
:108300000547F1B200001224C1932B000F206841F1
:10831000B19010002800032078D04000053CB192B5
:108320002800042078D02000C1480000684168B2CD
:108330003024C1932F002D24F1402D00020068B39A
:108340001124B1E31E00B1E32000B1E32200B1E348
:10835000240091531E008163200081632200816309
:108360002400173C58B30F241A411E001B41200063
:108370003AE33BE30E4A0F4B1E530F63814E1E0040
:10838000814F2000063C1A411E003AE31A53814AED
:108390001E00C1431B0068B36A2416411E009141B0
:1083A00020003C00184122001441240007413750AE
:1083B0001A0009469141280032001B4128008B1009
:1083C0008B118B108B11814B3400814B3600814B0C
:1083D000380011123A0011123A0011123A0011122B
:1083E0003A000C491D4144000E480F44B012FE866D
:1083F00031520B4C3C900A0005347B503000C74B87
:1084000000000C3C4B4CD1B3010003247A403700F0
:10841000023C7A4057004A5BC74A00000647365381
:1084200011123A0011123A0011123A0011123A00D8
:108430000C491D4144000E480F44B012D8863152F9
:10844000094C814D3C00084E044F37530C93B22326
:108450000D93B0230E93AE230F93AC2381431E00E4
:108460008143200081432200814324006C3C58B3A7
:108470003E2414411E0017412000084138501A00C4
:108480001941280089108911891089111C4128007F
:108490000D490E440F47B01270860B4E3E900A00F5
:1084A00005347B503000C84B00000C3C4B4ED1B320
:1084B000010003247A403700023C7A4057004A5BAF
:1084C000C84A0000064836531C4128000D490E4496
:1084D0000F47B0123A86044E074F38530E93D023FD
:1084E0000F93CE2381431E00814320002C3C174173
:1084F0001E00084138501A001E4128000F47B012D4
:108500005A7C0D4F3F900A0005347D503000C84D15
:1085100000000C3C4D4FD1B3010003247C403700D8
:10852000023C7C4057004C5DC84C00000648365366
:108530001E4128000F47B012407C074F38530F935D
:10854000DB2381431E00B1900A0028000224C143AE
:108550000200C1932E002A240F413F501C00814F7E
:1085600042001A411C008A108A118A108A11814A1D
:108570004400814646000A468A108A118A108A11F0
:10858000814A48001C4142001D4144001C814600B4
:108590001D7148002C831C9126000E2CE1D3010094
:1085A0005E4126004E8CC14E0300063CC1932A005A
:1085B000032491412600300011120400111204001E
:1085C0001D4134000E461E531F413E00B012047E72
:1085D0002152815F2C000D3C7F498F1191123C008C
:1085E0000E490E5819914000F72B81493E00814EEB
:1085F0002C0007430E3C914126003000D1432E0051
:10860000C1432A00033C054ED1432A008143260082
:108610001743164140006E464E9302243040E87FD7
:108620001F412C0031504A00344135413641374119
:10863000384139413A413B4130410B120A1209128B
:10864000794020000A4C0B4D0C430D430E5E0F6F1A
:108650000C6C0D6D0D9B062802200C9A03280C8AC9
:108660000D7B1ED31983F22339413A413B413041FE
:10867000B0123A860E4C0F4D304107120612051209
:1086800004123012400004480549064A074B0843CB
:1086900009430A430B430C5C0D6D0E6E0F6F0868A7
:1086A00009690A6A0B6B0B970E2808200A960B289B
:1086B00005200995082802200894052808840975D2
:1086C0000A760B771CD391830000E52321533441B4
:1086D00035413641374130410B120A120912081256
:1086E00018410A0019410C001A410E001B411000EC
:1086F000B0127A86384139413A413B4130410B1240
:108700000A120912081218410A0019410C001A41F4
:108710000E001B411000B0127A860C480D490E4A1B
:108720000F4B384139413A413B4130410B120A125B
:1087300009120812071218410C0019410E001A41C3
:1087400010001B411200B0127A86174114008748AE
:10875000000087490200874A0400874B0600374122
:0C876000384139413A413B41304100139F
:10876C00FC4F12503450B050C250D650E450F4501C
:10877C004A6302645A668C669C66AC66BC66CC66C0
:10878C008263A063C063DA63BC63A06325752D2587
:10879C00752D25752D25752575257525752575253D
:1087AC007525750A00008E6A226B306B8C6BBA6B68
:1087BC00C46B2E6D3E6D6E6DA6720273AE73047437
:1087CC003074387474748C742A769E76A4763477EC
:1087DC007677B077D077E26B506C886CCA6C266D6C
:1087EC00327038704070487050705870607068709B
:1087FC009A70A070A870B070B870C070C870D0704B
:10880C00FE7004710C7114711C7124712C71347113
:10881C0064716A7172717A7182718A719271C471A8
:10882C00CA71D271DA71E271EA71F2711C72227240
:10883C002A7232723A7242724A7200001000500070
:10884C009000D000F000009C0208286E756C6C291A
:02885C0000001A
:10885E00090010102008030001FFFF002E122E1237
:10886E006212FF0101FFFFFF2200010001FFFFFF67
:10887E0001001200841020080300020012A2010061
:10FFE000AC452879DA7A547A3678EE67D067AC4532
:10FFF000327AD679AC45AC4532681468AC450040DD
:0400000300004000B9
:00000001FF
