:104000005542200135D0085A82456A1231400039A4
:104010003F4014000F93082492426A1220012F831C
:104020009F4F886C0011F8233F4056010F930724DF
:1040300092426A1220011F83CF431411F923218376
:10404000B012B848474F3D400E003E40FF003F4091
:104050008011B012CA6BF2435712F2436712B2409A
:10406000805A2001A242600182432E01A2428001B7
:1040700082431E01B24020026001B2402001800153
:10408000F24084FF5700C2435800B2400040820112
:104090003B400C003D4000080E430C4D0CDE5942E5
:1040A00057000A4C8A107AF0070079F0F8FF4AD9D5
:1040B000C24A5700C24C5600794003000A430843E5
:1040C0000F3C18429001385282489201B2F0FEFF34
:1040D000820192B38201FD271F427001084A0A4FF4
:1040E0007953EF230A883A900104012C0E4C0D11EC
:1040F0003B53D3230F4E3FF0E0003F90E0000220FF
:104100003EF0E0FF5C4257000D4E8D107DF0070041
:104110007CF0F8FF4DDCC24D5700C24E56005E42A7
:1041200057007EF007007ED080FFC24E5700E2426B
:104130005800F2F0FDFF000082437001B24002021D
:10414000600182439001B240020180011E42600181
:104150003EF0CFFF3ED02000824E60011E42800123
:104160003EF0CFFF3ED02000824E8001C2432600A9
:10417000C2432E00C2431B00C2431F00C243330090
:10418000C2433700C2432100F240E0FF2200F24068
:1041900030002900F2407B002A00C2431900F2409F
:1041A000F1FF1A00F240DDFF1D00F240FDFF1E008E
:1041B000F2433100F2433200C2433500F24336008D
:1041C000C2432500C2432D001F4270011E427001F0
:1041D0000E8F3E900128FA2BE2D31A00F2D21A0079
:1041E000F2D080FF1E00F2D010001E00F2D080FF3F
:1041F0001D00F2D010001D0003430343F2F0EFFF57
:104200001D00F2F0F7FF19005F43B01208464F435C
:10421000B01208465F43B01208465F43B01208462A
:104220005F43B01208464F43B01208464F43B012E6
:1042300008465F43B0120846F2D010001D00F2D2CB
:104240001900E2D31900F2D010003200F2D02000A1
:104250003200F2D040003200F2D010003100F2D033
:1042600020003100F2D040003100B01260634F9363
:10427000FC23F2439A11B2433611C2433811B243C0
:104280003A11C2433C11B2433E11C2434011B24302
:104290004211C2434411B0121445C24FFD111F42D6
:1042A00012111F53824FA4118243A611B240221251
:1042B0002E11F2F0EFFF2200E2D21E00F2F0FDFF1D
:1042C0001E00B2F0EFFF8601B24000408601F243CB
:1042D000B211C243E211C243E311C243E411C2432B
:1042E000E511E2D21E00F2D040001E00F2D0200004
:1042F0001E00B012B8481B420611B012CA48824BC9
:10430000B811B0128A46824CF211824DF411824EDD
:10431000F611824FF811D24204119E11C2439F112F
:10432000F2401F00E011F2401A00FB11B0128A4661
:10433000824CF211824DF411824EF611824FF81127
:104340003E40F2110D4E3D5007000C436F4EEE4DB6
:104350000000CD4F00001C531E533D532C92F623FA
:10436000D2439311C2436312D243A011C243F0114E
:10437000B2F0EFFF8201B24000408201B0126063F0
:104380004F93FC234F47B012CA4832D25F43B0125A
:1043900078534F931920B012B84882932211032406
:1043A000B012CA48193C92432211B012CA48B01246
:1043B000B848F2D020001D00B012CA483E40140098
:1043C0000F43B012C64D083C6F43B01298494F934B
:1043D00003205F43B0129849B012B8484A4F863C58
:1043E000C2930D117724B2B0100062010820B2B060
:1043F000100064010420B2B01000660107241E42C0
:1044000060013EF000033E9000022E245F42040053
:104410003FB0C00005245F4271003FF0200026201D
:104420005F4205003FB0300005245F4279003FF055
:1044300020001E205F4270001FF31C245F427100A9
:104440003FF020001A245F4272003FF02000182441
:104450005F4270002FF217245F4270003FF020008F
:1044600015207E400500133C6E43113C6E430F3C0B
:104470006E430D3C7E4005000A3C7E400500073C33
:104480007E400500043C7E400500013C6E43B2B016
:104490001000A0011924B2B01000A2010524B2B28C
:1044A000A2010F246E43103C1F42A2013FB0000442
:1044B0000B241D4260013DF000033D9000020420EA
:1044C000023C4E43013C6E437E90050001286E4243
:1044D000C24E2C115E422C110E5E1E4E786C3ED2E6
:1044E000814E000022D132C203430343F29357129C
:1044F0007727B01234484B4F7F9372274F4AB01240
:10450000CA484F4BB012F65B673F32D0F000FD3F18
:104510003040346C0B120A120912081207120612EC
:104520003C404E830D431E42A4111F42A611B012FF
:10453000E269074D084E094F0E4C0F4712C30F108A
:104540000E10085E096F0993053438F339F0FF7FC8
:10455000185309638248A4118249A6110F483641B5
:104560003741384139413A413B413041C24F7700F0
:104570005F4202003FF04000FB27F2F0BFFF020065
:104580005F42760030411E4270013F9001800A2850
:104590003F5000801D4270010D8E0F9DFB2F0E5F5E
:1045A0003F4000801D4270010D8E0F9DFB2F30415A
:1045B000F2F0EFFF2A003041F2D010002A00304123
:1045C0001F429001013C0F4E1E4290010F9EFB23A3
:1045D0003041B2F0EFFF8401E2D31F00B2F0FEFFE2
:1045E0008401B2F0FDFF84014F4F8F107E40060022
:1045F0000F5F7E53FD233FD00001824F8401B2D074
:10460000100084014F4330414F9304245F4219004E
:104610006FD3043C5F4219007FF0FDFFC24F1900C9
:10462000F2D21900F2F0F7FF190030415C4F02009E
:104630008C105E4F01000CDE0E4C8E104E4E12C3DD
:104640000E1012C30E103EF003005D4E846C8D11EF
:104650000E4C8E104E4E7C40060012C30E107C5342
:10466000FC235E4E846C8E110E5D3E5006000F5E84
:104670003041F24080FF4811C2439C11C2435A129C
:10468000C2435612C243941130410B120A1209124E
:1046900008123150F2FFC2931C118120B012B045B4
:1046A000F2F0EFFF2900B012B8453F403002B012DF
:1046B0008645B012B0453F403C00B01286450B43E2
:1046C000F2B01000280009243B5005003F400500CF
:1046D000B01286453B90F000F3233F40A401B01296
:1046E00086453B90F0005D2C7A427B4033001BB343
:1046F0000B24B012B8453F400500B0128645B012F9
:10470000B0453F4041000A3CB012B8453F403C0034
:10471000B0128645B012B0453F400500B012864544
:1047200012C34B107A53E3233A40E81179424B43CA
:1047300012C34B10B012B8453F400500B012864579
:10474000B012B0453F400500B012864558422800DF
:104750003F404100B012864578B0100002247BD063
:1047600080FF7953E523CA4B00001A533A90F011A9
:10477000DD230E434F435FEEE8117D420C4F1CF3E7
:1047800012C34F100C9302247FE08CFF7D53F6235D
:104790001E533E92F0234F930620D2431C114E43EA
:1047A000043C6E42023C7E400600C2931C110A2467
:1047B0000F430D410D5FDD4FE91100001F533F9086
:1047C0000600F7234E9308243D420E430F413F500D
:1047D0000600B012CA6B163CC1430600F14012003D
:1047E0000700F1406D000800F14045000900F1406C
:1047F00050000A00D14102000B00D14101000C0021
:10480000E1410D001C4106001D4108001E410A0047
:104810001F410C0031500E00384139413A413B41B3
:1048200030414F930324D24370003041F2F0FEFF39
:10483000700030415F4257124E4F3E5080116D4E16
:10484000C24D57127D930220F2436712FE430000CF
:1048500030415F930C2403286F931820103C1F42B3
:1048600062018F105FF312241F42720130411F4218
:1048700064018F105FF30A241F42740130411F420C
:1048800066018F105FF302241F42760130415F43BF
:10489000B0122248F2F0BFFF04003F401B00FFF0BF
:1048A000FDFF0000FFF0FBFF0000FFF0F7FF00003E
:1048B0004F43B012224830410E4232C203430343F9
:1048C0003EF25F4301204F4330414F93012432D2E7
:1048D00030410B12B012B8481D42AC111E425812A2
:1048E0000D9303240D5E6D4D013C4D43C24D770089
:1048F0006E531D425C124C4E0D9C1C2C4E4D1A3CAE
:104900005D4202003DF04000FB275B4276001D4205
:10491000DE110D9303240C5DCC4B00001D42AC1145
:104920000D9304241D5258126D4D013C4D43C24D50
:104930007700013C4E4E1C4258120D4C1D53824DC7
:1049400058120D9EDD2BB012CA483B4130410B126C
:10495000B012B8485B43C293E21101244B43B0123A
:10496000CA484F4B3B4130410B120A124A4FB0121A
:10497000B8484B4FB0124E494F9305244F4BB012DD
:10498000CA484F43063C4F4BB012CA484F4AB01278
:104990006C453A413B4130410B120A124A4FB0126A
:1049A000B8485B435A92E31101244B43B012CA4802
:1049B0004F4B3A413B413041B012B848F2F0FBFF57
:1049C0001D00B012CA4830410B124B4FB012B8480C
:1049D0004E4BFE93801106201E43C29B6712032498
:1049E0000E43013C1E430E930E20F29357120320F8
:1049F000C24B5712043C5E426712CE4B8011C24B31
:104A000067124B43023C7B400500B012CA484F4B33
:104A10003B413041C29320113920F2930B113620D3
:104A2000B0124E494F933224D243FC11C2937E11EF
:104A30000224C243FC11C293FC112A24F290030009
:104A40001E112920C293081128205E420A117E936C
:104A500016244F4E5D4FB211C24D0A117D930220B4
:104A6000F2430911FF43B211C24EFA11F243081189
:104A7000D2431E117F400900B012C849043CD24302
:104A80000811C2431E11B0128E48053C5F433041ED
:104A90007F40050030414F4330414F433041D29376
:104AA000081113205F421E115F9305207F4009000B
:104AB000B012C849083C6F930A20D242FA1108117B
:104AC000F24003001E114F4330415F4330415F43CA
:104AD0003041B012B848F2F0BFFF0200F2D04000FF
:104AE0000000B012CA48B012D24830414E4EC24304
:104AF000BA118243AC11824FDE11824E5C128243A6
:104B000058120E930324B012D24A033C7F42B012D3
:104B1000C8494F4330410B120A1209120A4F494E3D
:104B2000B012B8484B4FB0124E494F9305244F4B2B
:104B3000B012CA484B431E3C4F4BB012CA48B24059
:104B40007F00BC117F407F00B0126C454B4F4E4937
:104B5000C243BA118243AC11824ADE11824E5C120A
:104B6000824358120E930324B012D24A033C7F4270
:104B7000B012C8494F4B39413A413B413041B01224
:104B8000B8495E431F422E11B012164B30410B1232
:104B90004B4FB012B848C24B2411B012CA486F42F2
:104BA000B012C8493B4130410B124B4F92431A118E
:104BB000C2437E11B012144A4F4BB0128E4B3B4190
:104BC0003041B012B848E2D21D00B012CA4830419C
:104BD0000B120A1209124B4FB012B8484A4FC29B2F
:104BE0000B110424B012CA485F434C3CF2430B1132
:104BF0005B4220114B930920B012B848C243E21126
:104C0000B012CA48B012144A353C4C43494B021208
:104C100032C20343C24C3001F240CDFF38011E4284
:104C20003A0132418E1012C34E1012C34E104D4E37
:104C30004D5D4D5D4E5D4C8E4E4C4F4C0D497CF0A4
:104C40000F004C9303240D117C53FB3F1DF31724DD
:104C5000C24E0B111E434D4F7DF00F004D930324A8
:104C60000E5E7D53FB3F4BCEC24B20117F400700B1
:104C7000B012C8494F4AB012CA484F43033C4C4E89
:104C80005C53C53F39413A413B4130417F400300CD
:104C9000B012D04B4F4330410B120A120912B0121E
:104CA000B848494F1B42AA11B012C0450A4F1F42D3
:104CB00080015FF304241B53B012C0450A4F0C431C
:104CC0000D430D4B0E4A0F430A4C0B4D0ADE0BDF12
:104CD0004F49B012CA480E4A0F4B39413A413B4145
:104CE00030410B120A1209120812B012984C084EE9
:104CF000094F1E4230111F4232110A4E0B4F1A52F9
:104D000096111B629811099F09280220089E062807
:104D10000B9F102809200A9E0D28063C0B9F042893
:104D20000F9B27280A9E252C099B04280B992128D4
:104D3000089A1F2C0C4A0D4B0C880D790D930320FB
:104D40003C90018018280E480F493E5000800F63A8
:104D5000824E3011824F32110E4C0F4D3E5000806A
:104D60003F63824E9611824F98113C4000800D4364
:104D70000A3C0C430D43824A3011824B321182436C
:104D80009611824398110A4CB012C0450E4F0E88FE
:104D90000E9A052C0C4A0C8E3C900300062CB01287
:104DA000C0452F53824F9601033C0C5F824C960105
:104DB000B2F0FEFF8601B2D01000860138413941C1
:104DC0003A413B4130410B120A1209120812218369
:104DD0000A4E0B4FB012984C084E094FB012B8480B
:104DE0008248301182493211824A9611824B9811C1
:104DF000814F0000B012E24C2F41B012CA4821533B
:104E0000384139413A413B4130410B12B012B84868
:104E10004B4FB01214453E404600B012A86A0E4FE8
:104E20003E500B00824E64120F43B012C64D4F4BE2
:104E3000B012CA483B4130410B120A12B012B848B6
:104E40004A4FB2921A1112207F400900B0126849ED
:104E5000B0128C4CB012C24B92431A117F40030027
:104E6000B0128E4B4F4AB012CA482F3CB012B8490C
:104E7000C293681203247F400500013C6F42B012C8
:104E800068494E4F3EF205204F43B01268493FF249
:104E900004205B433F400300033C4B433F4005007D
:104EA000824F1A11B012C24B4F4AB012CA484B93EC
:104EB0000724C2433411B0128C4CB0120A4E053C88
:104EC0003E4040010F43B012C64D3A413B41304194
:104ED0000B120A120912494F0A4EB012B8484B4F32
:104EE000B0124E494F9305244F4BB012CA484F435E
:104EF0000D3C4F4BB012CA484F49B0126C450F4A97
:104F00008F10B0126C454F4AB0126C4539413A418E
:104F10003B4130410B120A12091208120712084FC6
:104F20004A4E074D4B4CB012B848494FB0124E494B
:104F30004F9305244F49B012CA484F43213C4F4973
:104F4000B012CA484A4A0A584F4A7FD080FFB0126E
:104F50006C45494F0E4A12C30E104F4E7FF0C0FFF2
:104F6000B0126C454A4B093C4E4B0F4A0F8E0E4F08
:104F70000E576F4EB0126C457B534B93F5234F4940
:104F80003741384139413A413B4130410B123150B0
:104F9000F4FFB012B8484B4F3D423E40F2110F4172
:104FA000B012D06A1E429E11C14E08008E10C14E32
:104FB00009001E42B811C14E0A008E10C14E0B00EE
:104FC0004F4BB012CA487C400C000D414E433F404D
:104FD0006001B012144F31500C003B4130410B12B4
:104FE0000A12091208120712B012B848474F1A42A3
:104FF000C6111B42C811B012C0450D4F1F4280019F
:105000005FF305241A530B63B012C0450D4F12C352
:105010000D1012C30D1012C30D1012C30D1012C3C8
:105020000D10084D09430E4A0F4B4FEA0FEA8F103F
:105030004E4E8E100E5E0F6F0E5E0F6F0E5E0F6F78
:1050400008DE09DF4F47B012CA480E480F49374102
:10505000384139413A413B4130410B120A120912A1
:105060000812B012DE4F084E094F1E42B4111F4203
:10507000B6110A4E0B4F1A52AE111B62B011099FA6
:1050800009280220089E06280B9F102809200A9E46
:105090000D28063C0B9F04280F9B27280A9E252CD1
:1050A000099B04280B992128089A1F2C0C4A0D4BA8
:1050B0000C880D790D9303203C90010418280E48AC
:1050C0000F493E5000040F63824EB411824FB61157
:1050D0000E4C0F4D3E5000FC3F63824EAE11824F8E
:1050E000B0113C4000040D430A3C0C430D43824A7E
:1050F000B411824BB6118243AE118243B0110A4CF7
:105100000A5A0A5A0A5A0A5A0A5AB012C045085884
:1051100008580858085808580E4F0E880E9A042C44
:105120000A8E3A900300062CB012C0452F53824FCE
:105130009201033C0A5F824A9201B2F0FEFF8201B3
:10514000B2D010008201384139413A413B413041EF
:105150000B124B4FB012B8484E4B1EB305245D42A4
:1051600031007DF0EFFF043C5D4231007DD0100046
:10517000C24D31002EB305245D4231007DF0DFFFCA
:10518000043C5D4231007DD02000C24D31002EF242
:1051900005245E4231007EF0BFFF043C5E423100D8
:1051A0007ED04000C24E3100B012CA483B4130416F
:1051B0000B124B4FB012B848C24BE311B012CA48A1
:1051C0003B4130410B120A1209121B42A2115A4BE9
:1051D0002A004A9302207A401F00B012B849C29AAE
:1051E000921107244E4A3ED0E0807F401500B01255
:1051F000D04EC24A9211694BB012B8484A4FB01211
:105200004E494F9304244F4AB012CA481F3C4F4A9C
:10521000B012CA48B2403E00BC117F403E00B012FE
:105220006C454F497F534F4FC243BA11824BAC116B
:105230008243DE11824F5C12824358120F93032483
:10524000B012D24A033C7F42B012C84939413A41B8
:105250003B413041B012B848F2F0BFFF1D00B01220
:10526000CA483041B012B848F2D040001D00B01218
:10527000CA4830410B12B012B8485B42FB11B01261
:10528000CA480F4B0F5F0F5F0F5B3F502E010E4F51
:105290003ED000407F401800B012D04E3B4130411C
:1052A0000B12B012B8484B4FC293931104241E4303
:1052B000C293631201200E434E4E8E100E5E0E5EA0
:1052C0000E5EC293A01104241D43C293F01101206D
:1052D0000D433ED0E2220D5D0D5D0D5D0D5D0EDDD9
:1052E0007F401100B012D04E4F4BB012CA483B4124
:1052F00030410B12B012B8484B4F5F43B0122248F6
:10530000F2F0DAFF70005F43B0122248F2F03F0083
:1053100004003E401B00FEF0EFFF0000FEF0DFFF48
:1053200000003D4010116F4D7FD00500C24F70004E
:10533000D24D010071001D420E11C24D74008D103E
:105340004D4DC24D7500C2437300EED30000EED246
:105350000000FED20000F2D0400004004F43B01223
:105360002248F2F03F000200F2F03F0000004F4BF5
:10537000B012CA483B4130410B124B4FB012B848F3
:105380004E4B3E50E211CE9300000420DE4300005D
:105390004B43013C5B43B012CA484F4B3B41304149
:1053A0000B120A124B4FB012B8484A4F4F43B0127B
:1053B00078534F932F20C24B0B11C29308113C20FE
:1053C000F29003001E1138207F400700B012C84938
:1053D0002C3CD2431E11C243FA11B0129E4A253C06
:1053E000C293FA1122241E43F293B2110420C293F5
:1053F000091101240E430E931820F2930A11032081
:10540000C2430A11043C5E420911CE43B211C243A9
:1054100009110B3C1E434D4B7DF00F004D930324AF
:105420000E5E7D53FB3FC2DE20114F4AB012CA48C8
:105430004F433A413B413041C2931E11D123C93FF2
:105440000B120A124B4FB012B8484A4F4F43B012DA
:1054500078534F9306244F4AB012CA487F40050044
:105460001E3CC29308111E20F29003001E111A2048
:105470000B3CE2431E11C243FA11B0129E4AC29382
:1054800008110620B012F252C24B0B114B43033CE1
:10549000C2431E110A3C4F4AB012CA484F4B3A4110
:1054A0003B413041C2931E11E427B012B848C243B9
:1054B000E211B012CA485B43EE3FA2438E11D243C1
:1054C0009C11E2920B1105246F42B01240544F938D
:1054D0000320B0127E4B30416F42B012A0533041D6
:1054E0000B12B012B8484B4F82938E111824C2434E
:1054F0009C115E4294114E930324F2B220000520C9
:10550000D2B3200008204E9303247E53C24E941140
:10551000B012BA54073C92438E11C24394116F42A9
:10552000B012D04B4F4BB012CA483B413041B01281
:105530007246B012C24BB012B8497F42B0126849ED
:105540007F42B0126849B012C24B6F42B012D04BCA
:10555000B012E05430410B120A120912081207125D
:105560001742DE11C293BA110224304058581F422C
:10557000BC113FB0400002203040F0577FF0BFFF29
:105580007F903F000224304058581B422E116E4B32
:10559000C24E90111F428E113F90050039243F905A
:1055A000060084242F9302243040E057B2400500C7
:1055B0008E115D4248114D9E27242628F2B220000C
:1055C0000820D2B3200005204F4E7FE34F5DC24F2D
:1055D00048117E902A00182C4E930E240F4B1F5317
:1055E0007E9203287E400700033CB24006008E11E5
:1055F000B012EC4A30405858C2439C11B012C24B12
:105600006F42B012D04BE93CB0122E553040585882
:10561000B24006008E11C293A0114124C293F01132
:105620003E205F4B02008F105E4B01000FDE3FF00B
:10563000200035245A4B07008A105F4B06000ADF12
:10564000B012B8481942B811B012CA480A990824D1
:105650005F4B07008F105E4B06000FDE3F931F204D
:105660005F4B02008F105E4B01000FDE3FF0070022
:105670001F931520B012C24BB012B8497F400A00E8
:10568000B0126849B012C24BB012B8495E429011D4
:105690007E50F9FF0F4B3F52B012164BDD3C5E427D
:1056A00090117E50F9FF0F4B3F52A23FB012C24BF8
:1056B000C293941103206F42B012D04BC293941145
:1056C0000324F2B220000B20D2B3200008245A4257
:1056D00056124A930424F2900B0090110E2C1F4294
:1056E0002E11CF432D00CF433100CF433000CF43A5
:1056F0002F00FF4080FF2E00373C59425A125A9328
:1057000019200F490F5F0F5F3F500212284F1C4FA7
:1057100002001D422E11CD4831000E4C0F488F1053
:105720008E104FEE0FEECD4F3000CD4C2F008C1071
:10573000CD4C2E00195379F00700C2495A127A5302
:10574000C24A561211241F422E11CF432D00CF43BF
:105750003100CF433000CF432F00FF4080FF2E00A9
:10576000C2435A12C24356125F4290110F5BCF934D
:1057700000003334079331245F4B02008F105FDB4E
:1057800001007FF007001D422E116F931F201F4262
:10579000A2110F932224B29007001A111E20DF9D40
:1057A000030003001A20B2F0EFFF86016E4DDF43C5
:1057B0002C000E5DDF4EFFFF28006E4E7EF07F0056
:1057C000CF4E29004F43B012A84B073C5F930520F2
:1057D0007F400A00B012C8493F3CB012E0543C3C44
:1057E000C2439C11B012C24B6F42B012D04B343C3A
:1057F0007F903E003120B012C24BB2921A1111209C
:10580000B012B8497F400900B0126849B012C24BCB
:10581000B0128C4C92431A117F400300B0128E4B91
:105820001B3CC29368120520A2421A11B012384ED6
:10583000133CB0128C4CB24003001A11B012144544
:105840003E403601B012A86A0E4F3E500B00824E09
:1058500046110F43B012C64D3741384139413A41E4
:105860003B4130410B120A120B4FB012B8484A4F5D
:105870000F4BB0122C46FF403F0000004F4AB012C1
:10588000CA48824360126F43B01278534F936E2020
:105890005F42FD114E4F5E53C24EFD11CB4F0300D0
:1058A000B012B8484A4F6F43B01298494F930B203B
:1058B0004F4AB012CA48B012B848C243E411B012FD
:1058C000CA485F43553C6F42B012B051824BC2117F
:1058D0004F4AB012CA485F4B02008F105E4B010066
:1058E0000FDE3FF020CC4E4F3ED041008F104F4F87
:1058F0008F100EDFCB4E01008E10CB4E0200CB433B
:105900002C00CB432800CB432900CB433100CB43B1
:105910003000CB432F00FB4080FF2E00D243E61126
:105920001B42C211B012B8481E421A113E92022404
:105930001E930324B012CA48143CA2431A11D24346
:105940006812824BA211C2433411B012CA487F4080
:105950000300B01240544F9306247F400300B0125E
:10596000A0534F43053CB012C451FB3F7F4005009C
:105970003A413B4130410B120A1209120B4D4A4C7D
:105980007C901D004F2CCD4F0B00CD4E06008E108D
:10599000CD4E0700B012B84819429E11B012CA4845
:1059A000CB4904008910CB490500B012B848194210
:1059B0000611B012CA48CB4908008910CB4909002A
:1059C0005F4B01003FD040885E4B02008E100FDE1F
:1059D000CB4F01008F10CB4F02004F4A7F500D007C
:1059E000CB4F0000C29303110824C24303110F4B95
:1059F000B01264584F930F20193CC24AC011C243E1
:105A0000C111824B14117F400B00B012C849C293E0
:105A100003110A24033CF2430311083CC243A811BA
:105A20004F43043C6F43023C7F40090039413A41F7
:105A30003B4130410B120A120912081207120612DA
:105A40003740CA115642D21166B312241A42CA1103
:105A50001B42CC111C42CE111D42D011084E094FE1
:105A6000088A097B099D04280D991928089C172C80
:105A70003740D4115642DC1166B36C241A42D4115B
:105A80001B42D6111C42D8111D42DA110E8A0F7B1F
:105A90000F9D602802200E9C5D281F43013C0F4390
:105AA00056F30424F7F0FDFF0800083C084A094BB0
:105AB000085C096D87480000874902004F934A201F
:105AC0001F422A111F53824F2A114F4FB0125051BB
:105AD000C29328113F201F421211C24F57118F103D
:105AE000C24F56111F422A11C24F59118F10C24F77
:105AF0005811929326110620F2400300741182433C
:105B00002611053CF2401F00741192432611F24306
:105B10005011F2435111F240030055118293C41108
:105B20001920B2404A11C411F24011004A11C29327
:105B300000111A24C24300116C423D404A113E43F9
:105B40007F400300B01276594F930E24D2430011C8
:105B50008243C4115F43B012C849364137413841CE
:105B600039413A413B413041D2432811F33F0B12B6
:105B70000A1209120812494F084E4D4F0D5D8D4310
:105B8000C411C24300111D42C4110D9304245F428D
:105B90005E121FF30224D2430011C293001114209D
:105BA0005B4D07008B105A4D06006C4D7C50F3FF87
:105BB0000E4B0EDA5F4D0B00B01276594F93042452
:105BC0007F400D00B012C8494993052038904A1112
:105BD0000220C2432811384139413A413B4130410A
:105BE000C293001107201E42C4110E9F03204F4391
:105BF000B0126E5B30410B120A1209120812071222
:105C000006123150F6FF7F900E00022830404E639E
:105C10004F4F0F5F104F366CC293911128201A42DC
:105C2000FE111B420012B012B8481842AE111942C0
:105C3000B0111852B4111962B611B012CA48824A92
:105C4000FE11824B0012C2439111B012B848824833
:105C5000B4118249B611824AAE11824BB011814F04
:105C60000800B0125A501F410800B012CA48B012C2
:105C7000DE4F4A3CB012DE4F084E094FB2F0EFFF44
:105C80008201E2B3D21115240A4E0B4F1A82CA11B7
:105C90001B72CC111642CE111742D011068A077B17
:105CA0000A460B4736930A203B90FF7F07204D435F
:105CB000063C4D433A433B40FF7F013C5D43E2B32A
:105CC000DC1116240E480F491E82D4111F72D61102
:105CD0001642D8111742DA11068E077F0E460F477B
:105CE0000F9B03380520069A032C0A4E0B4F043CE9
:105CF0004D93022030404E630B9304381B930834BD
:105D00001A93062C0E480F49B012345A30404E6395
:105D1000824AFE11824B0012D2439111B012B84850
:105D20008248B4118249B611824AAE11824BB01139
:105D3000814F0800B0125A5030406460B012B84829
:105D40004B4F5F43B012D24592431A11C243181110
:105D5000C2437E11C24392114F4BB012CA48B012D7
:105D6000B848814F0800B012724692438E11C24368
:105D70009C11F2F0FEFF2500F2F0FEFF2300D2D3CB
:105D80002400D2D325001F410800B012CA48B01227
:105D9000B8484B4FA292221105207F400300B01259
:105DA00068494F4BB012CA48B012B8484B4FB012B6
:105DB000C24B4F43B012D04B4F4BB012CA486F4347
:105DC000B012B051B012DE4F824ECA11824FCC11C8
:105DD000B240E803CE118243D0115F42D2117FF06E
:105DE000FEFF6FD3C24FD2115F43DF3C4F43B0126F
:105DF000B05130404E63B012B848B012CA487F402C
:105E00000300B01298494F933D24B012B8484B4F4D
:105E100082431A11B2F0EFFF8601B2F0EFFF840166
:105E2000F2F0FDFF1F007F400300B012D04BB01214
:105E3000C24B4F4BB012CA48B012B84882438E11C1
:105E4000814F0800B0127246B012C24BF2F0FEFF52
:105E50002500F2F0FEFF23001F410800B012CA48DF
:105E600082432211B0125452B012B848F2F0DFFF50
:105E70001D00B012CA48B01264527F400300B01235
:105E8000C849033C6F43B012B0511B42C211B0125B
:105E9000B848C243E411B012CA4882936012022487
:105EA00030404E63F24303110F4B3040F262B012A8
:105EB000B8484B4FC29366120E20D2436612A2928C
:105EC000221104205F43B012A053043C7F4006001F
:105ED000B012C8494F4BB012CA4830404E63B0129E
:105EE000B848C2436612F73FB012B8485B420B1184
:105EF000B012CA487B900500022830404E634F4BD9
:105F00000F5F104F526CB012B849B012B8484B4FE7
:105F1000A2932211E023B240030022113E40180058
:105F20007F401D00B012D04EF2F0EFFF2500F2F0DE
:105F3000EFFF2300F2F0EFFF2400F2D01000250065
:105F40005F43B01268493E407F027F401C00B012A0
:105F5000D04EB0127452B012A0523E40562A7F402A
:105F60001700B012D04E3E40FF807F401500B012A7
:105F7000D04EB03FB012B8497F400600B012684919
:105F8000B0127452B012A052B0128C4FB012C24B69
:105F9000B012B8497F400300B0126849B012C24B3A
:105FA0005F43B012D04B7F400600B012C84930406A
:105FB0004E63B012B849B012B8484B4FB0124E49B8
:105FC0004F9304244F4BB012CA480D3C4F4BB012B4
:105FD000CA487F405300B0126C454F43B0126C4525
:105FE0004F43B0126C45B012C24B6F43B012D04B4E
:105FF00030404E63B012B8485B421A11B012CA4822
:106000006B9208247B920A246B931E20B012C45119
:1060100030404E63B012384E30404E63B012B84933
:106020007F400900B0126849B012C24BB0128C4CCC
:10603000B012B84892431A11B012CA487F40030008
:10604000B0128E4B30404E63B0128C4C30404E63D9
:10605000B0127E4B30404E63B012B848814F0800FA
:10606000B01256551F410800363FB012B848D24210
:10607000FA110811F24003001E11B012CA48C2936F
:1060800008110220B012F252C293081102243040CB
:106090004E637F400700893F1A422E116B4A4E4BD8
:1060A0000E5A6F4E4F5F0F430F6FCA4F2B00674E54
:1060B00077F07F00CA472900DA4EFFFF2800584AD0
:1060C0000200594A0100B012B84857429311B01269
:1060D000CA48479343244E488E104F490EDF8E1016
:1060E0004E4E12C30E1012C30E103EF003002E933C
:1060F0001D20584A070088105F4A060008DFB012CA
:10610000B8481942B811B012CA4808990B245F4A1E
:1061100007008F105E4A06000FDE1E433F930324E4
:106120000E43013C1E430E931920C73C3E900300D2
:10613000C4209142F21100009142F41102009142F8
:10614000F61104009142F81106003D420E410F4A3B
:106150003F500600B012B06A0F93AF207B900D0045
:10616000AC281A422E115E4A02008E105F4A0100CE
:106170000EDF0F4E8F104F4F12C30F1012C30F10B0
:106180003FF003000C4A3C5006008E104E4E7D40FE
:10619000060012C30E107D53FC233E900300022420
:1061A0002E43013C3E423F90030002242F43013C1A
:1061B0003F420C5F08430F430D4C0D5F6D4D085D72
:1061C0001F530F9EF93B594A0300F2436212B0126B
:1061D000B8485C4262123E4036110D43289E0920A9
:1061E000CE9902000520C24C6212B012CA48633C2C
:1061F0004C4D1D532E522D92F123C24C6212B012FF
:10620000CA485B426212B012B8487B930324C29B17
:10621000161104205B4216115D43013C4D434E4B69
:106220000E5E0E5E8E483611CE4938114D9307240E
:106230005E4216115E537EF00300C24E1611B0127C
:10624000CA48B012B848494F0F4AB0122C466B4F9B
:106250004F49B012CA48CA932B002D247B903F00AF
:106260002A20584A070088105F4A060008DFB0124B
:10627000B8481B420611B012CA48089B0B245F4A5B
:1062800007008F105E4A06000FDE1E433F93032473
:106290000E43013C1E430E930E24FA9003000B00A4
:1062A0000A20C2930C1107205F4A0E008F105FDA9C
:1062B0000F00B0125051824A2E11B012B848C2439A
:1062C0009C11B012CA48B012E054413C5F42A81180
:1062D0005F9203113C24C24F03114F930D201F42C4
:1062E0001411B01264584F933224F24303111F4229
:1062F0001411B012E05B2B3CF2430311283C5D42C9
:106300005E124D9324245B4228113E40C4114C433D
:106310005F434DBF0A242A4E8E4300004DCF4C935D
:1063200004203A904A1101204B434F5F5C532E5397
:106330007C92EF23C24D5E12C24B2811083C5F4293
:1063400000114E4F0E5E1E4EC411B0126E5B3150E6
:106350000A0036413741384139413A413B413041E9
:10636000F29357120824B01234487F930624B012D7
:10637000F65B5F4330414F4330414F4330410B1296
:106380000A12091208120712061205127F92022839
:1063900030402C674F4F0F5F104F5C6C1F428201E3
:1063A0008F105FF304241F42920130402C67B2F03B
:1063B000EFFF82018293AE1108208293B011052075
:1063C0004F43B012C84930402C67B0125A50304089
:1063D0002C671F4284018F105FF3022030402C672E
:1063E00018429401B2F0FEFF8401B2F0FDFF840177
:1063F000B012984C0C4E0C880D43064E074F068C7D
:10640000077D1F421A113F90050004243F900600AB
:10641000BC209A3CB24006001A11D2439B11C243E1
:1064200018116F43B012D2451C42A211CC46310064
:106430000F460D478F108D104FED0FEDCC4F3000F4
:106440000F47CC472F008F10CC4F2E00CC932D0040
:106450006424654C7550FBFF4945095C6D490A434E
:106460000B430B4D8B100C430D435D4901000CDABF
:106470000DDB5A4903000B430CDA0DDB5A490200CD
:106480004BEA0BEA8B104A4A8A100CDA0DDB0C86B9
:106490000D77C94C03000A4D8C108A104CEA0CEAA7
:1064A000C94C02000F4DC94D01008F10C94F0000AB
:1064B000B012B8496C420D494E450F43B012144F0B
:1064C000B012C24B6F490C430D430D4F8D100A4360
:1064D0000B435B4901000CDA0DDB5A4903000B4307
:1064E0000CDA0DDB5A4902004BEA0BEA8B104A4AE0
:1064F0008A100CDA0DDB0C560D67C94C03000F4CEB
:106500000C4D8F108C104FEC0FECC94F02000F4D4B
:10651000C94D01008F10C94F00001D42A2115F4DEF
:1065200002008F105D4D01000FDD3FF020000224BE
:10653000D2437E11B0128C4CB2F0EFFF8601E2B371
:106540001C00022430402C67C2439B115F43B012F1
:10655000D2451D42A2115F4D02008F105D4D01001A
:106560000FDD3FF020000924B24007001A113E4021
:1065700000010F43B012C64D033C4F43B012A84B6D
:10658000E2B31C00022030402C67C2931811272070
:10659000C2939B112420D2439B116F43B012D2456A
:1065A0005C421C005D4256127D920E2C4F4D5F5294
:1065B0005A123FF007000F5F0F5F8F4602128F479E
:1065C00004125D53C24D5612D24318118248BE11B7
:1065D000E2B31C00AB204E4C6EF35A4301204A43F9
:1065E000D2939B11A320C2439B115F43B012D245AB
:1065F000C24318114A939A200F481F82BE113F9040
:106600000A00942C5F4256124F9303247F53C24FCB
:1066100056121F42A2110F938924CF432D00CF435E
:106620003100CF433000CF432F00FF4080FF2E00CA
:106630007D3C1F4286018F105FF303241F429601A9
:10664000753CB2F0EFFF860182939611462082934B
:10665000981143201F421A113F50FDFF3F90060042
:106660002F2C0F5F104F6C6CF2B01000200008242C
:10667000A2421A113E4007000F43B012C64D203C03
:10668000B0120A4E1D3C7F400300B01240544F939D
:1066900005247F400300B012A053123CB012384EC4
:1066A0000F3C4F430B3C7F400900B01268495F43E9
:1066B000B012D245B0128C4C7F400700B012A84BEC
:1066C000929322113320A2432211B0125452B012DD
:1066D00064524F43B012A053293CB012E24C263C06
:1066E0001F4288018F105FF321241F4298011E3C36
:1066F0001F428A018F105FF319241F429A01163C32
:106700001F428C018F105FF311241F429C010E3C2D
:106710001F428E018F105FF309241F429E01063C29
:106720009253AA119253C6118263C8113541364162
:106730003741384139413A413B4130410F120E1245
:106740000D120C124F43B01252483C413D413E41A4
:106750003F41B1C0F000000000130F120E120D12E5
:106760000C121F422E014F4F12C34F10B01252484D
:106770003C413D413E413F41B1C0F00000000013AB
:106780000F120E120D120C124F43B0127E633C41D9
:106790003D413E413F41B1C0F000000000130F12E7
:1067A0000E120D120C121F421E014F4F12C34F103A
:1067B000B0127E633C413D413E413F41B1C0F000DB
:1067C000000000130F120E120D120C1221835E42F4
:1067D00023005F4225004FFE4F4F814F000091B3D1
:1067E00000000E24F2F0FEFF230092938E1105208C
:1067F000A2438E11B012BA54553CD2539411523C5C
:10680000A1B3000005245F4223007FF0FDFF483C58
:10681000A1B2000005245F4223007FF0FBFF403C53
:10682000B1B2000005245F4223007FF0F7FF383C3F
:10683000B1B0100000001A24F2F0EFFF2300A242D2
:106840002211F2F0EFFF2500F2F0EFFF23000E43DC
:106850007F401D00B012D04EB0128C4FB012C24B10
:10686000B012B8496F43B012C8491C3CB1B0200007
:10687000000005245F4223007FF0DFFF113CB1B030
:106880004000000005245F4223007FF0BFFF083C6A
:10689000B1B08000000006245F4223007FF07F003B
:1068A000C24F230021533C413D413E413F41B1C0D5
:1068B000F000000000130F120E1221835E422B0025
:1068C0005F422D004FFE4F4F814F000091B30000FB
:1068D00005245F422B007FF0FEFF3B3CA1B300008C
:1068E00005245F422B007FF0FDFF333CA1B2000086
:1068F00005245F422B007FF0FBFF2B3CB1B2000070
:1069000005245F422B007FF0F7FF233CB1B010005D
:10691000000005245F422B007FF0EFFF1A3CB1B06E
:106920002000000005245F422B007FF0DFFF113CB8
:10693000B1B04000000005245F422B007FF0BFFF94
:10694000083CB1B08000000006245F422B007FF0BD
:106950007F00C24F2B0021533E413F41B1C0F000A8
:10696000000000130F120E120D120C125E42760080
:106970005F421E114F931C24183CC293081118202B
:106980001F42DE110F9304241F525812CF4EFFFFF7
:1069900092925C125812032CB012D248093CF2F0C9
:1069A000BFFF0000B0125655033C7F900300E5275F
:1069B0003C413D413E413F41B1C0F0000000001369
:1069C0000F125F4270003FF0200006245F4270000B
:1069D0002FF202245F4270003F41B1C0F00000007E
:1069E00000130B120A1209120812071206120512DE
:1069F0000412084C094D0A430B430C4E0D4F0E4335
:106A00000F43B0124E6A3441354136413741384167
:106A100039413A413B4130410B120A120912081226
:106A2000071206120512041218411200194114002F
:106A30001A4116001B411800B0124E6A344135410C
:106A400036413741384139413A413B4130410443B5
:106A50000543064307430E3C12C30B100A100910EE
:106A600008100428045C056D066E076F0C5C0D6D44
:106A70000E6E0F6F0893F0230993EE230A93EC2315
:106A80000B93EA230C440D450E460F4730417C40E2
:106A900010000D4E0E430F5F0E6E0E9D02280E8DE0
:106AA0001FD31C83F8233041B0128E6A0F4E304141
:106AB0000B120D930A247B4F7C4E4B9C04244F4BAE
:106AC0004E4C0F8E033C3D53F43F0F433B4130414E
:106AD0000B120A120912081207120D9370240F9E4E
:106AE0006E24342C0C4E0CDF1CF31B240C4E0CEFCC
:106AF0001CF307202D9307280B4E1BF32C430C8B04
:106B0000033C0C4D013C1C430D8C0A4C094E0B4FB1
:106B1000FB4900001B533A53FB230A4F0A5C0E5CEF
:106B2000013C0A4F0B4D12C30B100B24094B084EAE
:106B30000C4ABC4800002C533953FB230B5B0E5B03
:106B40000A5B1DF33C24EA4E0000393C0E5D0C4FFD
:106B50000C5D0B4C0BDE1BF31B240B4C0BEE1BF3E1
:106B600006203D90030003280B4E1BF3013C0B4D08
:106B70000D8B094E0A4C084B088C3A533953EA499D
:106B80000000074A0758F9233BE31B530C5B0E5BDD
:106B90000B4D12C30B100E240A4B084E094C2883D0
:106BA0002983A94800003A53FA230A8B0B4A0B5B4E
:106BB0000E5B0C5B1DF30324DC4EFFFFFFFF374130
:106BC000384139413A413B4130410B120A12091216
:106BD00008123D900600092C0C4F043CCC4E0000DE
:106BE0001C533D530D93FA23203C4E4E4B4E0B93BA
:106BF00003240C4B8C100BDC1FB306243D53CF4EEB
:106C00000000094F1953013C094F0C4D12C30C10E1
:106C10000A49084C8A4B00002A533853FB230C5C6A
:106C20000C591DF30224CC4E0000384139413A4141
:066C30003B41304100135E
:106C3600185C745C3C5DEC5DF65DAE5EDE5EE85E47
:106C460058606A609860CC62FE623E63065F745F5D
:106C5600B25FF45F50609C63D2633266E066F066B2
:106C660000671067206768668666A666C066A266C5
:106C760086660000100050009000D000F000009CD6
:026C8600020802
:106C880001FFFFFF2200010001FFFFFF01010200D9
:046C980012A2010043
:10FFE0001045B66810451045C4675A673C67104510
:10FFF000C0696469104510459E67806710450040E0
:0400000300004000B9
:00000001FF
